This file contains any messages produced by compilers while
running configure, to aid debugging if configure makes a mistake.

It was created by ompi-plugin configure 0.8, which was
generated by GNU Autoconf 2.69.  Invocation command line was

  $ ./configure --prefix=/Users/caoj7/program/orte

## --------- ##
## Platform. ##
## --------- ##

hostname = cncqcaoj7mbp1.corp.emc.com
uname -m = x86_64
uname -r = 11.4.2
uname -s = Darwin
uname -v = Darwin Kernel Version 11.4.2: Wed May 30 20:13:51 PDT 2012; root:xnu-1699.31.2~1/RELEASE_X86_64

/usr/bin/uname -p = i386
/bin/uname -X     = unknown

/bin/arch              = unknown
/usr/bin/arch -k       = unknown
/usr/convex/getsysinfo = unknown
/usr/bin/hostinfo      = Mach kernel version:
	 Darwin Kernel Version 11.4.2: Wed May 30 20:13:51 PDT 2012; root:xnu-1699.31.2~1/RELEASE_X86_64
Kernel configured for up to 8 processors.
4 processors are physically available.
8 processors are logically available.
Processor type: i486 (Intel 80486)
Processors active: 0 1 2 3 4 5 6 7
Primary memory available: 8.00 gigabytes
Default processor set: 143 tasks, 1251 threads, 8 processors
Load average: 1.16, Mach factor: 6.83
/bin/machine           = unknown
/usr/bin/oslevel       = unknown
/bin/universe          = unknown

PATH: /Users/caoj7/workspace-c/jimmy-hamster/hamster-core/target/hamster-core-0.8.0-SNAPSHOT-bin/bin
PATH: /Users/caoj7/program/hadoop-2.0.4-alpha/bin
PATH: /Users/caoj7/program/hadoop-2.0.4-alpha/sbin
PATH: /Users/caoj7/program/common-j/apache-maven-3.0.5/bin
PATH: /Users/caoj7/program/common-j/apache-ant-1.9.1/bin
PATH: /Users/caoj7/program/orte/bin
PATH: /Users/caoj7/program/common-c/bin
PATH: /usr/bin
PATH: /bin
PATH: /usr/sbin
PATH: /sbin
PATH: /usr/local/bin
PATH: /usr/X11/bin


## ----------- ##
## Core tests. ##
## ----------- ##

configure:2562: checking for a BSD-compatible install
configure:2630: result: /usr/bin/install -c
configure:2641: checking whether build environment is sane
configure:2696: result: yes
configure:2847: checking for a thread-safe mkdir -p
configure:2886: result: config/install-sh -c -d
configure:2899: checking for gawk
configure:2929: result: no
configure:2899: checking for mawk
configure:2929: result: no
configure:2899: checking for nawk
configure:2929: result: no
configure:2899: checking for awk
configure:2915: found /usr/bin/awk
configure:2926: result: awk
configure:2937: checking whether make sets $(MAKE)
configure:2959: result: yes
configure:3099: checking for g++
configure:3115: found /usr/bin/g++
configure:3126: result: g++
configure:3153: checking for C++ compiler version
configure:3162: g++ --version >&5
i686-apple-darwin10-llvm-g++-4.2 (GCC) 4.2.1 (Based on Apple Inc. build 5658) (LLVM build 2335.6)
Copyright (C) 2007 Free Software Foundation, Inc.
This is free software; see the source for copying conditions.  There is NO
warranty; not even for MERCHANTABILITY or FITNESS FOR A PARTICULAR PURPOSE.

configure:3173: $? = 0
configure:3162: g++ -v >&5
Using built-in specs.
Target: i686-apple-darwin10
Configured with: /var/tmp/llvmgcc42/llvmgcc42-2335.6~17/src/configure --disable-checking --enable-werror --prefix=/Developer/usr/llvm-gcc-4.2 --mandir=/share/man --enable-languages=c,objc,c++,obj-c++ --program-prefix=llvm- --program-transform-name=/^[cg][^.-]*$/s/$/-4.2/ --with-slibdir=/usr/lib --build=i686-apple-darwin10 --enable-llvm=/var/tmp/llvmgcc42/llvmgcc42-2335.6~17/dst-llvmCore/Developer/usr/local --program-prefix=i686-apple-darwin10- --host=x86_64-apple-darwin10 --target=i686-apple-darwin10 --with-gxx-include-dir=/usr/include/c++/4.2.1
Thread model: posix
gcc version 4.2.1 (Based on Apple Inc. build 5658) (LLVM build 2335.6)
configure:3173: $? = 0
configure:3162: g++ -V >&5
llvm-g++-4.2: argument to `-V' is missing
configure:3173: $? = 1
configure:3162: g++ -qversion >&5
i686-apple-darwin10-llvm-g++-4.2: no input files
configure:3173: $? = 1
configure:3193: checking whether the C++ compiler works
configure:3215: g++    conftest.cpp  >&5
configure:3219: $? = 0
configure:3267: result: yes
configure:3270: checking for C++ compiler default output file name
configure:3272: result: a.out
configure:3278: checking for suffix of executables
configure:3285: g++ -o conftest    conftest.cpp  >&5
configure:3289: $? = 0
configure:3311: result: 
configure:3333: checking whether we are cross compiling
configure:3341: g++ -o conftest    conftest.cpp  >&5
configure:3345: $? = 0
configure:3352: ./conftest
configure:3356: $? = 0
configure:3371: result: no
configure:3376: checking for suffix of object files
configure:3398: g++ -c   conftest.cpp >&5
configure:3402: $? = 0
configure:3423: result: o
configure:3427: checking whether we are using the GNU C++ compiler
configure:3446: g++ -c   conftest.cpp >&5
configure:3446: $? = 0
configure:3455: result: yes
configure:3464: checking whether g++ accepts -g
configure:3484: g++ -c -g  conftest.cpp >&5
configure:3484: $? = 0
configure:3525: result: yes
configure:3559: checking for style of include used by make
configure:3587: result: GNU
configure:3613: checking dependency style of g++
configure:3724: result: gcc3
configure:3743: checking for gawk
configure:3770: result: awk
configure:3829: checking for gcc
configure:3845: found /usr/bin/gcc
configure:3856: result: gcc
configure:4085: checking for C compiler version
configure:4094: gcc --version >&5
i686-apple-darwin10-llvm-gcc-4.2 (GCC) 4.2.1 (Based on Apple Inc. build 5658) (LLVM build 2335.6)
Copyright (C) 2007 Free Software Foundation, Inc.
This is free software; see the source for copying conditions.  There is NO
warranty; not even for MERCHANTABILITY or FITNESS FOR A PARTICULAR PURPOSE.

configure:4105: $? = 0
configure:4094: gcc -v >&5
Using built-in specs.
Target: i686-apple-darwin10
Configured with: /var/tmp/llvmgcc42/llvmgcc42-2335.6~17/src/configure --disable-checking --enable-werror --prefix=/Developer/usr/llvm-gcc-4.2 --mandir=/share/man --enable-languages=c,objc,c++,obj-c++ --program-prefix=llvm- --program-transform-name=/^[cg][^.-]*$/s/$/-4.2/ --with-slibdir=/usr/lib --build=i686-apple-darwin10 --enable-llvm=/var/tmp/llvmgcc42/llvmgcc42-2335.6~17/dst-llvmCore/Developer/usr/local --program-prefix=i686-apple-darwin10- --host=x86_64-apple-darwin10 --target=i686-apple-darwin10 --with-gxx-include-dir=/usr/include/c++/4.2.1
Thread model: posix
gcc version 4.2.1 (Based on Apple Inc. build 5658) (LLVM build 2335.6)
configure:4105: $? = 0
configure:4094: gcc -V >&5
llvm-gcc-4.2: argument to `-V' is missing
configure:4105: $? = 1
configure:4094: gcc -qversion >&5
i686-apple-darwin10-llvm-gcc-4.2: no input files
configure:4105: $? = 1
configure:4109: checking whether we are using the GNU C compiler
configure:4128: gcc -c   conftest.c >&5
configure:4128: $? = 0
configure:4137: result: yes
configure:4146: checking whether gcc accepts -g
configure:4166: gcc -c -g  conftest.c >&5
configure:4166: $? = 0
configure:4207: result: yes
configure:4224: checking for gcc option to accept ISO C89
configure:4287: gcc  -c -g -O2  conftest.c >&5
configure:4287: $? = 0
configure:4300: result: none needed
configure:4322: checking dependency style of gcc
configure:4433: result: gcc3
configure:4453: checking how to run the C preprocessor
configure:4484: gcc -E  conftest.c
configure:4484: $? = 0
configure:4498: gcc -E  conftest.c
conftest.c:11:28: error: ac_nonexistent.h: No such file or directory
configure:4498: $? = 1
configure: failed program was:
| /* confdefs.h */
| #define PACKAGE_NAME "ompi-plugin"
| #define PACKAGE_TARNAME "ompi-plugin"
| #define PACKAGE_VERSION "0.8"
| #define PACKAGE_STRING "ompi-plugin 0.8"
| #define PACKAGE_BUGREPORT ""
| #define PACKAGE_URL ""
| #define PACKAGE "ompi-plugin"
| #define VERSION "0.8"
| /* end confdefs.h.  */
| #include <ac_nonexistent.h>
configure:4523: result: gcc -E
configure:4543: gcc -E  conftest.c
configure:4543: $? = 0
configure:4557: gcc -E  conftest.c
conftest.c:11:28: error: ac_nonexistent.h: No such file or directory
configure:4557: $? = 1
configure: failed program was:
| /* confdefs.h */
| #define PACKAGE_NAME "ompi-plugin"
| #define PACKAGE_TARNAME "ompi-plugin"
| #define PACKAGE_VERSION "0.8"
| #define PACKAGE_STRING "ompi-plugin 0.8"
| #define PACKAGE_BUGREPORT ""
| #define PACKAGE_URL ""
| #define PACKAGE "ompi-plugin"
| #define VERSION "0.8"
| /* end confdefs.h.  */
| #include <ac_nonexistent.h>
configure:4586: checking whether ln -s works
configure:4590: result: yes
configure:4597: checking whether make sets $(MAKE)
configure:4619: result: yes
configure:4671: checking for ranlib
configure:4687: found /usr/bin/ranlib
configure:4698: result: ranlib
configure:4772: checking for ar
configure:4788: found /usr/bin/ar
configure:4799: result: ar
configure:4825: checking the archiver (ar) interface
configure:4835: gcc -c -g -O2  conftest.c >&5
configure:4835: $? = 0
configure:4837: ar cru libconftest.a conftest.o >&5
configure:4840: $? = 0
configure:4863: result: ar
configure:4912: checking build system type
configure:4926: result: x86_64-apple-darwin11.4.2
configure:4946: checking host system type
configure:4959: result: x86_64-apple-darwin11.4.2
configure:5000: checking how to print strings
configure:5027: result: printf
configure:5048: checking for a sed that does not truncate output
configure:5112: result: /usr/bin/sed
configure:5130: checking for grep that handles long lines and -e
configure:5188: result: /usr/bin/grep
configure:5193: checking for egrep
configure:5255: result: /usr/bin/grep -E
configure:5260: checking for fgrep
configure:5322: result: /usr/bin/grep -F
configure:5357: checking for ld used by gcc
configure:5424: result: /usr/llvm-gcc-4.2/libexec/gcc/i686-apple-darwin10/4.2.1/ld
configure:5431: checking if the linker (/usr/llvm-gcc-4.2/libexec/gcc/i686-apple-darwin10/4.2.1/ld) is GNU ld
configure:5446: result: no
configure:5458: checking for BSD- or MS-compatible name lister (nm)
configure:5507: result: /usr/bin/nm
configure:5637: checking the name lister (/usr/bin/nm) interface
configure:5644: gcc -c -g -O2  conftest.c >&5
configure:5647: /usr/bin/nm "conftest.o"
configure:5650: output
0000000000000190 S _some_variable
configure:5657: result: BSD nm
configure:5661: checking the maximum length of command line arguments
configure:5791: result: 196608
configure:5808: checking whether the shell understands some XSI constructs
configure:5818: result: yes
configure:5822: checking whether the shell understands "+="
configure:5828: result: yes
configure:5863: checking how to convert x86_64-apple-darwin11.4.2 file names to x86_64-apple-darwin11.4.2 format
configure:5903: result: func_convert_file_noop
configure:5910: checking how to convert x86_64-apple-darwin11.4.2 file names to toolchain format
configure:5930: result: func_convert_file_noop
configure:5937: checking for /usr/llvm-gcc-4.2/libexec/gcc/i686-apple-darwin10/4.2.1/ld option to reload object files
configure:5944: result: -r
configure:6018: checking for objdump
configure:6048: result: no
configure:6077: checking how to recognize dependent libraries
configure:6279: result: pass_all
configure:6364: checking for dlltool
configure:6394: result: no
configure:6424: checking how to associate runtime and link libraries
configure:6451: result: printf %s\n
configure:6575: checking for archiver @FILE support
configure:6592: gcc -c -g -O2  conftest.c >&5
configure:6592: $? = 0
configure:6595: ar cru libconftest.a @conftest.lst >&5
ar: @conftest.lst: No such file or directory
configure:6598: $? = 1
configure:6618: result: no
configure:6676: checking for strip
configure:6692: found /usr/bin/strip
configure:6703: result: strip
configure:6775: checking for ranlib
configure:6802: result: ranlib
configure:6904: checking command to parse /usr/bin/nm output from gcc object
configure:7024: gcc -c -g -O2  conftest.c >&5
configure:7027: $? = 0
configure:7031: /usr/bin/nm conftest.o \| sed -n -e 's/^.*[ ]\([BCDEGRST][BCDEGRST]*\)[ ][ ]*\([_A-Za-z][_A-Za-z0-9]*\)$/\1 \2 \2/p' | sed '/ __gnu_lto/d' \> conftest.nm
configure:7034: $? = 0
cannot find nm_test_var in conftest.nm
configure:7024: gcc -c -g -O2  conftest.c >&5
configure:7027: $? = 0
configure:7031: /usr/bin/nm conftest.o \| sed -n -e 's/^.*[ ]\([BCDEGRST][BCDEGRST]*\)[ ][ ]*_\([_A-Za-z][_A-Za-z0-9]*\)$/\1 _\2 \2/p' | sed '/ __gnu_lto/d' \> conftest.nm
configure:7034: $? = 0
configure:7100: gcc -o conftest -g -O2   conftest.c conftstm.o >&5
configure:7103: $? = 0
configure:7141: result: ok
configure:7178: checking for sysroot
configure:7208: result: no
configure:7464: checking for mt
configure:7494: result: no
configure:7514: checking if : is a manifest tool
configure:7520: : '-?'
configure:7528: result: no
configure:7584: checking for dsymutil
configure:7600: found /usr/bin/dsymutil
configure:7611: result: dsymutil
configure:7676: checking for nmedit
configure:7692: found /usr/bin/nmedit
configure:7703: result: nmedit
configure:7768: checking for lipo
configure:7784: found /usr/bin/lipo
configure:7795: result: lipo
configure:7860: checking for otool
configure:7876: found /usr/bin/otool
configure:7887: result: otool
configure:7952: checking for otool64
configure:7982: result: no
configure:8027: checking for -single_module linker flag
gcc -g -O2  -o libconftest.dylib -dynamiclib -Wl,-single_module conftest.c
configure:8060: result: yes
configure:8063: checking for -exported_symbols_list linker flag
configure:8083: gcc -o conftest -g -O2   -Wl,-exported_symbols_list,conftest.sym conftest.c  >&5
configure:8083: $? = 0
configure:8093: result: yes
configure:8096: checking for -force_load linker flag
gcc -g -O2 -c -o conftest.o conftest.c
ar cru libconftest.a conftest.o
ranlib libconftest.a
gcc -g -O2  -o conftest conftest.c -Wl,-force_load,./libconftest.a
configure:8128: result: yes
configure:8166: checking for ANSI C header files
configure:8186: gcc -c -g -O2  conftest.c >&5
configure:8186: $? = 0
configure:8259: gcc -o conftest -g -O2   conftest.c  >&5
configure:8259: $? = 0
configure:8259: ./conftest
configure:8259: $? = 0
configure:8270: result: yes
configure:8283: checking for sys/types.h
configure:8283: gcc -c -g -O2  conftest.c >&5
configure:8283: $? = 0
configure:8283: result: yes
configure:8283: checking for sys/stat.h
configure:8283: gcc -c -g -O2  conftest.c >&5
configure:8283: $? = 0
configure:8283: result: yes
configure:8283: checking for stdlib.h
configure:8283: gcc -c -g -O2  conftest.c >&5
configure:8283: $? = 0
configure:8283: result: yes
configure:8283: checking for string.h
configure:8283: gcc -c -g -O2  conftest.c >&5
configure:8283: $? = 0
configure:8283: result: yes
configure:8283: checking for memory.h
configure:8283: gcc -c -g -O2  conftest.c >&5
configure:8283: $? = 0
configure:8283: result: yes
configure:8283: checking for strings.h
configure:8283: gcc -c -g -O2  conftest.c >&5
configure:8283: $? = 0
configure:8283: result: yes
configure:8283: checking for inttypes.h
configure:8283: gcc -c -g -O2  conftest.c >&5
configure:8283: $? = 0
configure:8283: result: yes
configure:8283: checking for stdint.h
configure:8283: gcc -c -g -O2  conftest.c >&5
configure:8283: $? = 0
configure:8283: result: yes
configure:8283: checking for unistd.h
configure:8283: gcc -c -g -O2  conftest.c >&5
configure:8283: $? = 0
configure:8283: result: yes
configure:8297: checking for dlfcn.h
configure:8297: gcc -c -g -O2  conftest.c >&5
configure:8297: $? = 0
configure:8297: result: yes
configure:8514: checking for objdir
configure:8529: result: .libs
configure:8800: checking if gcc supports -fno-rtti -fno-exceptions
configure:8818: gcc -c -g -O2  -fno-rtti -fno-exceptions conftest.c >&5
cc1: warning: command line option "-fno-rtti" is valid for C++/ObjC++ but not for C
configure:8822: $? = 0
configure:8835: result: no
configure:9162: checking for gcc option to produce PIC
configure:9169: result: -fno-common -DPIC
configure:9177: checking if gcc PIC flag -fno-common -DPIC works
configure:9195: gcc -c -g -O2  -fno-common -DPIC -DPIC conftest.c >&5
configure:9199: $? = 0
configure:9212: result: yes
configure:9241: checking if gcc static flag -static works
configure:9269: result: no
configure:9284: checking if gcc supports -c -o file.o
configure:9305: gcc -c -g -O2  -o out/conftest2.o conftest.c >&5
configure:9309: $? = 0
configure:9331: result: yes
configure:9339: checking if gcc supports -c -o file.o
configure:9386: result: yes
configure:9419: checking whether the gcc linker (/usr/llvm-gcc-4.2/libexec/gcc/i686-apple-darwin10/4.2.1/ld) supports shared libraries
configure:10572: result: yes
configure:10812: checking dynamic linker characteristics
configure:11545: result: darwin11.4.2 dyld
configure:11652: checking how to hardcode library paths into programs
configure:11677: result: immediate
configure:12217: checking whether stripping libraries is possible
configure:12231: result: yes
configure:12257: checking if libtool supports shared libraries
configure:12259: result: yes
configure:12262: checking whether to build shared libraries
configure:12283: result: yes
configure:12286: checking whether to build static libraries
configure:12290: result: yes
configure:12313: checking how to run the C++ preprocessor
configure:12340: g++ -E  conftest.cpp
configure:12340: $? = 0
configure:12354: g++ -E  conftest.cpp
conftest.cpp:23:28: error: ac_nonexistent.h: No such file or directory
configure:12354: $? = 1
configure: failed program was:
| /* confdefs.h */
| #define PACKAGE_NAME "ompi-plugin"
| #define PACKAGE_TARNAME "ompi-plugin"
| #define PACKAGE_VERSION "0.8"
| #define PACKAGE_STRING "ompi-plugin 0.8"
| #define PACKAGE_BUGREPORT ""
| #define PACKAGE_URL ""
| #define PACKAGE "ompi-plugin"
| #define VERSION "0.8"
| #define STDC_HEADERS 1
| #define HAVE_SYS_TYPES_H 1
| #define HAVE_SYS_STAT_H 1
| #define HAVE_STDLIB_H 1
| #define HAVE_STRING_H 1
| #define HAVE_MEMORY_H 1
| #define HAVE_STRINGS_H 1
| #define HAVE_INTTYPES_H 1
| #define HAVE_STDINT_H 1
| #define HAVE_UNISTD_H 1
| #define HAVE_DLFCN_H 1
| #define LT_OBJDIR ".libs/"
| /* end confdefs.h.  */
| #include <ac_nonexistent.h>
configure:12379: result: g++ -E
configure:12399: g++ -E  conftest.cpp
configure:12399: $? = 0
configure:12413: g++ -E  conftest.cpp
conftest.cpp:23:28: error: ac_nonexistent.h: No such file or directory
configure:12413: $? = 1
configure: failed program was:
| /* confdefs.h */
| #define PACKAGE_NAME "ompi-plugin"
| #define PACKAGE_TARNAME "ompi-plugin"
| #define PACKAGE_VERSION "0.8"
| #define PACKAGE_STRING "ompi-plugin 0.8"
| #define PACKAGE_BUGREPORT ""
| #define PACKAGE_URL ""
| #define PACKAGE "ompi-plugin"
| #define VERSION "0.8"
| #define STDC_HEADERS 1
| #define HAVE_SYS_TYPES_H 1
| #define HAVE_SYS_STAT_H 1
| #define HAVE_STDLIB_H 1
| #define HAVE_STRING_H 1
| #define HAVE_MEMORY_H 1
| #define HAVE_STRINGS_H 1
| #define HAVE_INTTYPES_H 1
| #define HAVE_STDINT_H 1
| #define HAVE_UNISTD_H 1
| #define HAVE_DLFCN_H 1
| #define LT_OBJDIR ".libs/"
| /* end confdefs.h.  */
| #include <ac_nonexistent.h>
configure:12582: checking for ld used by g++
configure:12649: result: /usr/llvm-gcc-4.2/libexec/gcc/i686-apple-darwin10/4.2.1/ld
configure:12656: checking if the linker (/usr/llvm-gcc-4.2/libexec/gcc/i686-apple-darwin10/4.2.1/ld) is GNU ld
configure:12671: result: no
configure:12726: checking whether the g++ linker (/usr/llvm-gcc-4.2/libexec/gcc/i686-apple-darwin10/4.2.1/ld) supports shared libraries
configure:13731: result: yes
configure:13767: g++ -c -g -O2  conftest.cpp >&5
configure:13770: $? = 0
configure:14290: checking for g++ option to produce PIC
configure:14297: result: -fno-common -DPIC
configure:14305: checking if g++ PIC flag -fno-common -DPIC works
configure:14323: g++ -c -g -O2  -fno-common -DPIC -DPIC conftest.cpp >&5
configure:14327: $? = 0
configure:14340: result: yes
configure:14363: checking if g++ static flag -static works
configure:14391: result: no
configure:14403: checking if g++ supports -c -o file.o
configure:14424: g++ -c -g -O2  -o out/conftest2.o conftest.cpp >&5
configure:14428: $? = 0
configure:14450: result: yes
configure:14455: checking if g++ supports -c -o file.o
configure:14502: result: yes
configure:14532: checking whether the g++ linker (/usr/llvm-gcc-4.2/libexec/gcc/i686-apple-darwin10/4.2.1/ld) supports shared libraries
configure:14568: result: yes
configure:14709: checking dynamic linker characteristics
configure:15376: result: darwin11.4.2 dyld
configure:15429: checking how to hardcode library paths into programs
configure:15454: result: immediate
configure:15523: checking arpa/inet.h usability
configure:15523: gcc -c -g -O2  conftest.c >&5
configure:15523: $? = 0
configure:15523: result: yes
configure:15523: checking arpa/inet.h presence
configure:15523: gcc -E  conftest.c
configure:15523: $? = 0
configure:15523: result: yes
configure:15523: checking for arpa/inet.h
configure:15523: result: yes
configure:15523: checking fcntl.h usability
configure:15523: gcc -c -g -O2  conftest.c >&5
configure:15523: $? = 0
configure:15523: result: yes
configure:15523: checking fcntl.h presence
configure:15523: gcc -E  conftest.c
configure:15523: $? = 0
configure:15523: result: yes
configure:15523: checking for fcntl.h
configure:15523: result: yes
configure:15523: checking netdb.h usability
configure:15523: gcc -c -g -O2  conftest.c >&5
configure:15523: $? = 0
configure:15523: result: yes
configure:15523: checking netdb.h presence
configure:15523: gcc -E  conftest.c
configure:15523: $? = 0
configure:15523: result: yes
configure:15523: checking for netdb.h
configure:15523: result: yes
configure:15523: checking netinet/in.h usability
configure:15523: gcc -c -g -O2  conftest.c >&5
configure:15523: $? = 0
configure:15523: result: yes
configure:15523: checking netinet/in.h presence
configure:15523: gcc -E  conftest.c
configure:15523: $? = 0
configure:15523: result: yes
configure:15523: checking for netinet/in.h
configure:15523: result: yes
configure:15523: checking stddef.h usability
configure:15523: gcc -c -g -O2  conftest.c >&5
configure:15523: $? = 0
configure:15523: result: yes
configure:15523: checking stddef.h presence
configure:15523: gcc -E  conftest.c
configure:15523: $? = 0
configure:15523: result: yes
configure:15523: checking for stddef.h
configure:15523: result: yes
configure:15523: checking for stdint.h
configure:15523: result: yes
configure:15523: checking for stdlib.h
configure:15523: result: yes
configure:15523: checking for string.h
configure:15523: result: yes
configure:15523: checking sys/param.h usability
configure:15523: gcc -c -g -O2  conftest.c >&5
configure:15523: $? = 0
configure:15523: result: yes
configure:15523: checking sys/param.h presence
configure:15523: gcc -E  conftest.c
configure:15523: $? = 0
configure:15523: result: yes
configure:15523: checking for sys/param.h
configure:15523: result: yes
configure:15523: checking sys/socket.h usability
configure:15523: gcc -c -g -O2  conftest.c >&5
configure:15523: $? = 0
configure:15523: result: yes
configure:15523: checking sys/socket.h presence
configure:15523: gcc -E  conftest.c
configure:15523: $? = 0
configure:15523: result: yes
configure:15523: checking for sys/socket.h
configure:15523: result: yes
configure:15523: checking sys/time.h usability
configure:15523: gcc -c -g -O2  conftest.c >&5
configure:15523: $? = 0
configure:15523: result: yes
configure:15523: checking sys/time.h presence
configure:15523: gcc -E  conftest.c
configure:15523: $? = 0
configure:15523: result: yes
configure:15523: checking for sys/time.h
configure:15523: result: yes
configure:15523: checking for unistd.h
configure:15523: result: yes
configure:15535: checking for stdbool.h that conforms to C99
configure:15602: gcc -c -g -O2  conftest.c >&5
configure:15602: $? = 0
configure:15609: result: yes
configure:15611: checking for _Bool
configure:15611: gcc -c -g -O2  conftest.c >&5
configure:15611: $? = 0
configure:15611: gcc -c -g -O2  conftest.c >&5
conftest.c: In function 'main':
conftest.c:71: error: expected expression before ')' token
configure:15611: $? = 1
configure: failed program was:
| /* confdefs.h */
| #define PACKAGE_NAME "ompi-plugin"
| #define PACKAGE_TARNAME "ompi-plugin"
| #define PACKAGE_VERSION "0.8"
| #define PACKAGE_STRING "ompi-plugin 0.8"
| #define PACKAGE_BUGREPORT ""
| #define PACKAGE_URL ""
| #define PACKAGE "ompi-plugin"
| #define VERSION "0.8"
| #define STDC_HEADERS 1
| #define HAVE_SYS_TYPES_H 1
| #define HAVE_SYS_STAT_H 1
| #define HAVE_STDLIB_H 1
| #define HAVE_STRING_H 1
| #define HAVE_MEMORY_H 1
| #define HAVE_STRINGS_H 1
| #define HAVE_INTTYPES_H 1
| #define HAVE_STDINT_H 1
| #define HAVE_UNISTD_H 1
| #define HAVE_DLFCN_H 1
| #define LT_OBJDIR ".libs/"
| #define HAVE_ARPA_INET_H 1
| #define HAVE_FCNTL_H 1
| #define HAVE_NETDB_H 1
| #define HAVE_NETINET_IN_H 1
| #define HAVE_STDDEF_H 1
| #define HAVE_STDINT_H 1
| #define HAVE_STDLIB_H 1
| #define HAVE_STRING_H 1
| #define HAVE_SYS_PARAM_H 1
| #define HAVE_SYS_SOCKET_H 1
| #define HAVE_SYS_TIME_H 1
| #define HAVE_UNISTD_H 1
| /* end confdefs.h.  */
| #include <stdio.h>
| #ifdef HAVE_SYS_TYPES_H
| # include <sys/types.h>
| #endif
| #ifdef HAVE_SYS_STAT_H
| # include <sys/stat.h>
| #endif
| #ifdef STDC_HEADERS
| # include <stdlib.h>
| # include <stddef.h>
| #else
| # ifdef HAVE_STDLIB_H
| #  include <stdlib.h>
| # endif
| #endif
| #ifdef HAVE_STRING_H
| # if !defined STDC_HEADERS && defined HAVE_MEMORY_H
| #  include <memory.h>
| # endif
| # include <string.h>
| #endif
| #ifdef HAVE_STRINGS_H
| # include <strings.h>
| #endif
| #ifdef HAVE_INTTYPES_H
| # include <inttypes.h>
| #endif
| #ifdef HAVE_STDINT_H
| # include <stdint.h>
| #endif
| #ifdef HAVE_UNISTD_H
| # include <unistd.h>
| #endif
| int
| main ()
| {
| if (sizeof ((_Bool)))
| 	    return 0;
|   ;
|   return 0;
| }
configure:15611: result: yes
configure:15622: checking for inline
configure:15638: gcc -c -g -O2  conftest.c >&5
configure:15638: $? = 0
configure:15646: result: inline
configure:15664: checking for int16_t
configure:15664: gcc -c -g -O2  conftest.c >&5
configure:15664: $? = 0
configure:15664: gcc -c -g -O2  conftest.c >&5
conftest.c: In function 'main':
conftest.c:74: error: size of array 'test_array' is negative
configure:15664: $? = 1
configure: failed program was:
| /* confdefs.h */
| #define PACKAGE_NAME "ompi-plugin"
| #define PACKAGE_TARNAME "ompi-plugin"
| #define PACKAGE_VERSION "0.8"
| #define PACKAGE_STRING "ompi-plugin 0.8"
| #define PACKAGE_BUGREPORT ""
| #define PACKAGE_URL ""
| #define PACKAGE "ompi-plugin"
| #define VERSION "0.8"
| #define STDC_HEADERS 1
| #define HAVE_SYS_TYPES_H 1
| #define HAVE_SYS_STAT_H 1
| #define HAVE_STDLIB_H 1
| #define HAVE_STRING_H 1
| #define HAVE_MEMORY_H 1
| #define HAVE_STRINGS_H 1
| #define HAVE_INTTYPES_H 1
| #define HAVE_STDINT_H 1
| #define HAVE_UNISTD_H 1
| #define HAVE_DLFCN_H 1
| #define LT_OBJDIR ".libs/"
| #define HAVE_ARPA_INET_H 1
| #define HAVE_FCNTL_H 1
| #define HAVE_NETDB_H 1
| #define HAVE_NETINET_IN_H 1
| #define HAVE_STDDEF_H 1
| #define HAVE_STDINT_H 1
| #define HAVE_STDLIB_H 1
| #define HAVE_STRING_H 1
| #define HAVE_SYS_PARAM_H 1
| #define HAVE_SYS_SOCKET_H 1
| #define HAVE_SYS_TIME_H 1
| #define HAVE_UNISTD_H 1
| #define HAVE__BOOL 1
| /* end confdefs.h.  */
| #include <stdio.h>
| #ifdef HAVE_SYS_TYPES_H
| # include <sys/types.h>
| #endif
| #ifdef HAVE_SYS_STAT_H
| # include <sys/stat.h>
| #endif
| #ifdef STDC_HEADERS
| # include <stdlib.h>
| # include <stddef.h>
| #else
| # ifdef HAVE_STDLIB_H
| #  include <stdlib.h>
| # endif
| #endif
| #ifdef HAVE_STRING_H
| # if !defined STDC_HEADERS && defined HAVE_MEMORY_H
| #  include <memory.h>
| # endif
| # include <string.h>
| #endif
| #ifdef HAVE_STRINGS_H
| # include <strings.h>
| #endif
| #ifdef HAVE_INTTYPES_H
| # include <inttypes.h>
| #endif
| #ifdef HAVE_STDINT_H
| # include <stdint.h>
| #endif
| #ifdef HAVE_UNISTD_H
| # include <unistd.h>
| #endif
| 	        enum { N = 16 / 2 - 1 };
| int
| main ()
| {
| static int test_array [1 - 2 * !((int16_t) (((((int16_t) 1 << N) << N) - 1) * 2 + 1)
| 		 < (int16_t) (((((int16_t) 1 << N) << N) - 1) * 2 + 2))];
| test_array [0] = 0;
| return test_array [0];
| 
|   ;
|   return 0;
| }
configure:15664: result: yes
configure:15675: checking for int32_t
configure:15675: gcc -c -g -O2  conftest.c >&5
configure:15675: $? = 0
configure:15675: gcc -c -g -O2  conftest.c >&5
conftest.c: In function 'main':
conftest.c:74: warning: integer overflow in expression
conftest.c:74: error: size of array 'test_array' is negative
configure:15675: $? = 1
configure: failed program was:
| /* confdefs.h */
| #define PACKAGE_NAME "ompi-plugin"
| #define PACKAGE_TARNAME "ompi-plugin"
| #define PACKAGE_VERSION "0.8"
| #define PACKAGE_STRING "ompi-plugin 0.8"
| #define PACKAGE_BUGREPORT ""
| #define PACKAGE_URL ""
| #define PACKAGE "ompi-plugin"
| #define VERSION "0.8"
| #define STDC_HEADERS 1
| #define HAVE_SYS_TYPES_H 1
| #define HAVE_SYS_STAT_H 1
| #define HAVE_STDLIB_H 1
| #define HAVE_STRING_H 1
| #define HAVE_MEMORY_H 1
| #define HAVE_STRINGS_H 1
| #define HAVE_INTTYPES_H 1
| #define HAVE_STDINT_H 1
| #define HAVE_UNISTD_H 1
| #define HAVE_DLFCN_H 1
| #define LT_OBJDIR ".libs/"
| #define HAVE_ARPA_INET_H 1
| #define HAVE_FCNTL_H 1
| #define HAVE_NETDB_H 1
| #define HAVE_NETINET_IN_H 1
| #define HAVE_STDDEF_H 1
| #define HAVE_STDINT_H 1
| #define HAVE_STDLIB_H 1
| #define HAVE_STRING_H 1
| #define HAVE_SYS_PARAM_H 1
| #define HAVE_SYS_SOCKET_H 1
| #define HAVE_SYS_TIME_H 1
| #define HAVE_UNISTD_H 1
| #define HAVE__BOOL 1
| /* end confdefs.h.  */
| #include <stdio.h>
| #ifdef HAVE_SYS_TYPES_H
| # include <sys/types.h>
| #endif
| #ifdef HAVE_SYS_STAT_H
| # include <sys/stat.h>
| #endif
| #ifdef STDC_HEADERS
| # include <stdlib.h>
| # include <stddef.h>
| #else
| # ifdef HAVE_STDLIB_H
| #  include <stdlib.h>
| # endif
| #endif
| #ifdef HAVE_STRING_H
| # if !defined STDC_HEADERS && defined HAVE_MEMORY_H
| #  include <memory.h>
| # endif
| # include <string.h>
| #endif
| #ifdef HAVE_STRINGS_H
| # include <strings.h>
| #endif
| #ifdef HAVE_INTTYPES_H
| # include <inttypes.h>
| #endif
| #ifdef HAVE_STDINT_H
| # include <stdint.h>
| #endif
| #ifdef HAVE_UNISTD_H
| # include <unistd.h>
| #endif
| 	        enum { N = 32 / 2 - 1 };
| int
| main ()
| {
| static int test_array [1 - 2 * !((int32_t) (((((int32_t) 1 << N) << N) - 1) * 2 + 1)
| 		 < (int32_t) (((((int32_t) 1 << N) << N) - 1) * 2 + 2))];
| test_array [0] = 0;
| return test_array [0];
| 
|   ;
|   return 0;
| }
configure:15675: result: yes
configure:15686: checking for int64_t
configure:15686: gcc -c -g -O2  conftest.c >&5
configure:15686: $? = 0
configure:15686: gcc -c -g -O2  conftest.c >&5
conftest.c: In function 'main':
conftest.c:74: warning: integer overflow in expression
conftest.c:74: error: size of array 'test_array' is negative
configure:15686: $? = 1
configure: failed program was:
| /* confdefs.h */
| #define PACKAGE_NAME "ompi-plugin"
| #define PACKAGE_TARNAME "ompi-plugin"
| #define PACKAGE_VERSION "0.8"
| #define PACKAGE_STRING "ompi-plugin 0.8"
| #define PACKAGE_BUGREPORT ""
| #define PACKAGE_URL ""
| #define PACKAGE "ompi-plugin"
| #define VERSION "0.8"
| #define STDC_HEADERS 1
| #define HAVE_SYS_TYPES_H 1
| #define HAVE_SYS_STAT_H 1
| #define HAVE_STDLIB_H 1
| #define HAVE_STRING_H 1
| #define HAVE_MEMORY_H 1
| #define HAVE_STRINGS_H 1
| #define HAVE_INTTYPES_H 1
| #define HAVE_STDINT_H 1
| #define HAVE_UNISTD_H 1
| #define HAVE_DLFCN_H 1
| #define LT_OBJDIR ".libs/"
| #define HAVE_ARPA_INET_H 1
| #define HAVE_FCNTL_H 1
| #define HAVE_NETDB_H 1
| #define HAVE_NETINET_IN_H 1
| #define HAVE_STDDEF_H 1
| #define HAVE_STDINT_H 1
| #define HAVE_STDLIB_H 1
| #define HAVE_STRING_H 1
| #define HAVE_SYS_PARAM_H 1
| #define HAVE_SYS_SOCKET_H 1
| #define HAVE_SYS_TIME_H 1
| #define HAVE_UNISTD_H 1
| #define HAVE__BOOL 1
| /* end confdefs.h.  */
| #include <stdio.h>
| #ifdef HAVE_SYS_TYPES_H
| # include <sys/types.h>
| #endif
| #ifdef HAVE_SYS_STAT_H
| # include <sys/stat.h>
| #endif
| #ifdef STDC_HEADERS
| # include <stdlib.h>
| # include <stddef.h>
| #else
| # ifdef HAVE_STDLIB_H
| #  include <stdlib.h>
| # endif
| #endif
| #ifdef HAVE_STRING_H
| # if !defined STDC_HEADERS && defined HAVE_MEMORY_H
| #  include <memory.h>
| # endif
| # include <string.h>
| #endif
| #ifdef HAVE_STRINGS_H
| # include <strings.h>
| #endif
| #ifdef HAVE_INTTYPES_H
| # include <inttypes.h>
| #endif
| #ifdef HAVE_STDINT_H
| # include <stdint.h>
| #endif
| #ifdef HAVE_UNISTD_H
| # include <unistd.h>
| #endif
| 	        enum { N = 64 / 2 - 1 };
| int
| main ()
| {
| static int test_array [1 - 2 * !((int64_t) (((((int64_t) 1 << N) << N) - 1) * 2 + 1)
| 		 < (int64_t) (((((int64_t) 1 << N) << N) - 1) * 2 + 2))];
| test_array [0] = 0;
| return test_array [0];
| 
|   ;
|   return 0;
| }
configure:15686: result: yes
configure:15697: checking for int8_t
configure:15697: gcc -c -g -O2  conftest.c >&5
configure:15697: $? = 0
configure:15697: gcc -c -g -O2  conftest.c >&5
conftest.c: In function 'main':
conftest.c:74: error: size of array 'test_array' is negative
configure:15697: $? = 1
configure: failed program was:
| /* confdefs.h */
| #define PACKAGE_NAME "ompi-plugin"
| #define PACKAGE_TARNAME "ompi-plugin"
| #define PACKAGE_VERSION "0.8"
| #define PACKAGE_STRING "ompi-plugin 0.8"
| #define PACKAGE_BUGREPORT ""
| #define PACKAGE_URL ""
| #define PACKAGE "ompi-plugin"
| #define VERSION "0.8"
| #define STDC_HEADERS 1
| #define HAVE_SYS_TYPES_H 1
| #define HAVE_SYS_STAT_H 1
| #define HAVE_STDLIB_H 1
| #define HAVE_STRING_H 1
| #define HAVE_MEMORY_H 1
| #define HAVE_STRINGS_H 1
| #define HAVE_INTTYPES_H 1
| #define HAVE_STDINT_H 1
| #define HAVE_UNISTD_H 1
| #define HAVE_DLFCN_H 1
| #define LT_OBJDIR ".libs/"
| #define HAVE_ARPA_INET_H 1
| #define HAVE_FCNTL_H 1
| #define HAVE_NETDB_H 1
| #define HAVE_NETINET_IN_H 1
| #define HAVE_STDDEF_H 1
| #define HAVE_STDINT_H 1
| #define HAVE_STDLIB_H 1
| #define HAVE_STRING_H 1
| #define HAVE_SYS_PARAM_H 1
| #define HAVE_SYS_SOCKET_H 1
| #define HAVE_SYS_TIME_H 1
| #define HAVE_UNISTD_H 1
| #define HAVE__BOOL 1
| /* end confdefs.h.  */
| #include <stdio.h>
| #ifdef HAVE_SYS_TYPES_H
| # include <sys/types.h>
| #endif
| #ifdef HAVE_SYS_STAT_H
| # include <sys/stat.h>
| #endif
| #ifdef STDC_HEADERS
| # include <stdlib.h>
| # include <stddef.h>
| #else
| # ifdef HAVE_STDLIB_H
| #  include <stdlib.h>
| # endif
| #endif
| #ifdef HAVE_STRING_H
| # if !defined STDC_HEADERS && defined HAVE_MEMORY_H
| #  include <memory.h>
| # endif
| # include <string.h>
| #endif
| #ifdef HAVE_STRINGS_H
| # include <strings.h>
| #endif
| #ifdef HAVE_INTTYPES_H
| # include <inttypes.h>
| #endif
| #ifdef HAVE_STDINT_H
| # include <stdint.h>
| #endif
| #ifdef HAVE_UNISTD_H
| # include <unistd.h>
| #endif
| 	        enum { N = 8 / 2 - 1 };
| int
| main ()
| {
| static int test_array [1 - 2 * !((int8_t) (((((int8_t) 1 << N) << N) - 1) * 2 + 1)
| 		 < (int8_t) (((((int8_t) 1 << N) << N) - 1) * 2 + 2))];
| test_array [0] = 0;
| return test_array [0];
| 
|   ;
|   return 0;
| }
configure:15697: result: yes
configure:15708: checking for size_t
configure:15708: gcc -c -g -O2  conftest.c >&5
configure:15708: $? = 0
configure:15708: gcc -c -g -O2  conftest.c >&5
conftest.c: In function 'main':
conftest.c:72: error: expected expression before ')' token
configure:15708: $? = 1
configure: failed program was:
| /* confdefs.h */
| #define PACKAGE_NAME "ompi-plugin"
| #define PACKAGE_TARNAME "ompi-plugin"
| #define PACKAGE_VERSION "0.8"
| #define PACKAGE_STRING "ompi-plugin 0.8"
| #define PACKAGE_BUGREPORT ""
| #define PACKAGE_URL ""
| #define PACKAGE "ompi-plugin"
| #define VERSION "0.8"
| #define STDC_HEADERS 1
| #define HAVE_SYS_TYPES_H 1
| #define HAVE_SYS_STAT_H 1
| #define HAVE_STDLIB_H 1
| #define HAVE_STRING_H 1
| #define HAVE_MEMORY_H 1
| #define HAVE_STRINGS_H 1
| #define HAVE_INTTYPES_H 1
| #define HAVE_STDINT_H 1
| #define HAVE_UNISTD_H 1
| #define HAVE_DLFCN_H 1
| #define LT_OBJDIR ".libs/"
| #define HAVE_ARPA_INET_H 1
| #define HAVE_FCNTL_H 1
| #define HAVE_NETDB_H 1
| #define HAVE_NETINET_IN_H 1
| #define HAVE_STDDEF_H 1
| #define HAVE_STDINT_H 1
| #define HAVE_STDLIB_H 1
| #define HAVE_STRING_H 1
| #define HAVE_SYS_PARAM_H 1
| #define HAVE_SYS_SOCKET_H 1
| #define HAVE_SYS_TIME_H 1
| #define HAVE_UNISTD_H 1
| #define HAVE__BOOL 1
| /* end confdefs.h.  */
| #include <stdio.h>
| #ifdef HAVE_SYS_TYPES_H
| # include <sys/types.h>
| #endif
| #ifdef HAVE_SYS_STAT_H
| # include <sys/stat.h>
| #endif
| #ifdef STDC_HEADERS
| # include <stdlib.h>
| # include <stddef.h>
| #else
| # ifdef HAVE_STDLIB_H
| #  include <stdlib.h>
| # endif
| #endif
| #ifdef HAVE_STRING_H
| # if !defined STDC_HEADERS && defined HAVE_MEMORY_H
| #  include <memory.h>
| # endif
| # include <string.h>
| #endif
| #ifdef HAVE_STRINGS_H
| # include <strings.h>
| #endif
| #ifdef HAVE_INTTYPES_H
| # include <inttypes.h>
| #endif
| #ifdef HAVE_STDINT_H
| # include <stdint.h>
| #endif
| #ifdef HAVE_UNISTD_H
| # include <unistd.h>
| #endif
| int
| main ()
| {
| if (sizeof ((size_t)))
| 	    return 0;
|   ;
|   return 0;
| }
configure:15708: result: yes
configure:15719: checking for uint16_t
configure:15719: gcc -c -g -O2  conftest.c >&5
configure:15719: $? = 0
configure:15719: result: yes
configure:15731: checking for uint32_t
configure:15731: gcc -c -g -O2  conftest.c >&5
configure:15731: $? = 0
configure:15731: result: yes
configure:15745: checking for uint64_t
configure:15745: gcc -c -g -O2  conftest.c >&5
configure:15745: $? = 0
configure:15745: result: yes
configure:15759: checking for uint8_t
configure:15759: gcc -c -g -O2  conftest.c >&5
configure:15759: $? = 0
configure:15759: result: yes
configure:15777: checking for stdlib.h
configure:15777: result: yes
configure:15787: checking for GNU libc compatible malloc
configure:15811: gcc -o conftest -g -O2   conftest.c  >&5
configure:15811: $? = 0
configure:15811: ./conftest
configure:15811: $? = 0
configure:15821: result: yes
configure:15844: checking for stdlib.h
configure:15844: result: yes
configure:15854: checking for GNU libc compatible realloc
configure:15878: gcc -o conftest -g -O2   conftest.c  >&5
configure:15878: $? = 0
configure:15878: ./conftest
configure:15878: $? = 0
configure:15888: result: yes
configure:15909: checking for working strtod
configure:15950: gcc -o conftest -g -O2   conftest.c  >&5
configure:15950: $? = 0
configure:15950: ./conftest
configure:15950: $? = 0
configure:15960: result: yes
configure:16025: checking for bzero
configure:16025: gcc -o conftest -g -O2   conftest.c  >&5
conftest.c:63: warning: conflicting types for built-in function 'bzero'
configure:16025: $? = 0
configure:16025: result: yes
configure:16025: checking for gethostbyname
configure:16025: gcc -o conftest -g -O2   conftest.c  >&5
configure:16025: $? = 0
configure:16025: result: yes
configure:16025: checking for gethostname
configure:16025: gcc -o conftest -g -O2   conftest.c  >&5
configure:16025: $? = 0
configure:16025: result: yes
configure:16025: checking for gettimeofday
configure:16025: gcc -o conftest -g -O2   conftest.c  >&5
configure:16025: $? = 0
configure:16025: result: yes
configure:16025: checking for memmove
configure:16025: gcc -o conftest -g -O2   conftest.c  >&5
conftest.c:67: warning: conflicting types for built-in function 'memmove'
configure:16025: $? = 0
configure:16025: result: yes
configure:16025: checking for memset
configure:16025: gcc -o conftest -g -O2   conftest.c  >&5
conftest.c:68: warning: conflicting types for built-in function 'memset'
configure:16025: $? = 0
configure:16025: result: yes
configure:16025: checking for socket
configure:16025: gcc -o conftest -g -O2   conftest.c  >&5
configure:16025: $? = 0
configure:16025: result: yes
configure:16025: checking for strchr
configure:16025: gcc -o conftest -g -O2   conftest.c  >&5
conftest.c:70: warning: conflicting types for built-in function 'strchr'
configure:16025: $? = 0
configure:16025: result: yes
configure:16025: checking for strdup
configure:16025: gcc -o conftest -g -O2   conftest.c  >&5
conftest.c:71: warning: conflicting types for built-in function 'strdup'
configure:16025: $? = 0
configure:16025: result: yes
configure:16025: checking for strstr
configure:16025: gcc -o conftest -g -O2   conftest.c  >&5
conftest.c:72: warning: conflicting types for built-in function 'strstr'
configure:16025: $? = 0
configure:16025: result: yes
configure:16025: checking for strtol
configure:16025: gcc -o conftest -g -O2   conftest.c  >&5
configure:16025: $? = 0
configure:16025: result: yes
configure:16025: checking for strtoul
configure:16025: gcc -o conftest -g -O2   conftest.c  >&5
configure:16025: $? = 0
configure:16025: result: yes
configure:16146: checking that generated files are newer than configure
configure:16152: result: done
configure:16179: creating ./config.status

## ---------------------- ##
## Running config.status. ##
## ---------------------- ##

This file was extended by ompi-plugin config.status 0.8, which was
generated by GNU Autoconf 2.69.  Invocation command line was

  CONFIG_FILES    = 
  CONFIG_HEADERS  = 
  CONFIG_LINKS    = 
  CONFIG_COMMANDS = 
  $ ./config.status 

on cncqcaoj7mbp1.corp.emc.com

config.status:1178: creating Makefile
config.status:1178: creating common/Makefile
config.status:1178: creating v1.7/Makefile
config.status:1178: creating v1.7/orte/Makefile
config.status:1178: creating v1.7/orte/mca/Makefile
config.status:1178: creating v1.7/orte/mca/odls/Makefile
config.status:1178: creating v1.7/orte/mca/odls/yarn/Makefile
config.status:1178: creating v1.7/orte/mca/plm/Makefile
config.status:1178: creating v1.7/orte/mca/plm/yarn/Makefile
config.status:1178: creating v1.7/orte/mca/ras/Makefile
config.status:1178: creating v1.7/orte/mca/ras/yarn/Makefile
config.status:1178: creating v1.7/orte/mca/state/Makefile
config.status:1178: creating v1.7/orte/mca/state/yarn/Makefile
config.status:1178: creating config.h
config.status:1359: config.h is unchanged
config.status:1407: executing depfiles commands
config.status:1407: executing libtool commands

## ---------------- ##
## Cache variables. ##
## ---------------- ##

ac_cv_build=x86_64-apple-darwin11.4.2
ac_cv_c_compiler_gnu=yes
ac_cv_c_inline=inline
ac_cv_c_int16_t=yes
ac_cv_c_int32_t=yes
ac_cv_c_int64_t=yes
ac_cv_c_int8_t=yes
ac_cv_c_uint16_t=yes
ac_cv_c_uint32_t=yes
ac_cv_c_uint64_t=yes
ac_cv_c_uint8_t=yes
ac_cv_cxx_compiler_gnu=yes
ac_cv_env_CCC_set=
ac_cv_env_CCC_value=
ac_cv_env_CC_set=
ac_cv_env_CC_value=
ac_cv_env_CFLAGS_set=
ac_cv_env_CFLAGS_value=
ac_cv_env_CPPFLAGS_set=
ac_cv_env_CPPFLAGS_value=
ac_cv_env_CPP_set=
ac_cv_env_CPP_value=
ac_cv_env_CXXCPP_set=
ac_cv_env_CXXCPP_value=
ac_cv_env_CXXFLAGS_set=
ac_cv_env_CXXFLAGS_value=
ac_cv_env_CXX_set=
ac_cv_env_CXX_value=
ac_cv_env_LDFLAGS_set=
ac_cv_env_LDFLAGS_value=
ac_cv_env_LIBS_set=
ac_cv_env_LIBS_value=
ac_cv_env_build_alias_set=
ac_cv_env_build_alias_value=
ac_cv_env_host_alias_set=
ac_cv_env_host_alias_value=
ac_cv_env_target_alias_set=
ac_cv_env_target_alias_value=
ac_cv_func_bzero=yes
ac_cv_func_gethostbyname=yes
ac_cv_func_gethostname=yes
ac_cv_func_gettimeofday=yes
ac_cv_func_malloc_0_nonnull=yes
ac_cv_func_memmove=yes
ac_cv_func_memset=yes
ac_cv_func_realloc_0_nonnull=yes
ac_cv_func_socket=yes
ac_cv_func_strchr=yes
ac_cv_func_strdup=yes
ac_cv_func_strstr=yes
ac_cv_func_strtod=yes
ac_cv_func_strtol=yes
ac_cv_func_strtoul=yes
ac_cv_header_arpa_inet_h=yes
ac_cv_header_dlfcn_h=yes
ac_cv_header_fcntl_h=yes
ac_cv_header_inttypes_h=yes
ac_cv_header_memory_h=yes
ac_cv_header_netdb_h=yes
ac_cv_header_netinet_in_h=yes
ac_cv_header_stdbool_h=yes
ac_cv_header_stdc=yes
ac_cv_header_stddef_h=yes
ac_cv_header_stdint_h=yes
ac_cv_header_stdlib_h=yes
ac_cv_header_string_h=yes
ac_cv_header_strings_h=yes
ac_cv_header_sys_param_h=yes
ac_cv_header_sys_socket_h=yes
ac_cv_header_sys_stat_h=yes
ac_cv_header_sys_time_h=yes
ac_cv_header_sys_types_h=yes
ac_cv_header_unistd_h=yes
ac_cv_host=x86_64-apple-darwin11.4.2
ac_cv_objext=o
ac_cv_path_EGREP='/usr/bin/grep -E'
ac_cv_path_FGREP='/usr/bin/grep -F'
ac_cv_path_GREP=/usr/bin/grep
ac_cv_path_SED=/usr/bin/sed
ac_cv_path_install='/usr/bin/install -c'
ac_cv_prog_AWK=awk
ac_cv_prog_CPP='gcc -E'
ac_cv_prog_CXXCPP='g++ -E'
ac_cv_prog_ac_ct_AR=ar
ac_cv_prog_ac_ct_CC=gcc
ac_cv_prog_ac_ct_CXX=g++
ac_cv_prog_ac_ct_DSYMUTIL=dsymutil
ac_cv_prog_ac_ct_LIPO=lipo
ac_cv_prog_ac_ct_NMEDIT=nmedit
ac_cv_prog_ac_ct_OTOOL=otool
ac_cv_prog_ac_ct_RANLIB=ranlib
ac_cv_prog_ac_ct_STRIP=strip
ac_cv_prog_cc_c89=
ac_cv_prog_cc_g=yes
ac_cv_prog_cxx_g=yes
ac_cv_prog_make_make_set=yes
ac_cv_type__Bool=yes
ac_cv_type_size_t=yes
am_cv_CC_dependencies_compiler_type=gcc3
am_cv_CXX_dependencies_compiler_type=gcc3
am_cv_ar_interface=ar
lt_cv_apple_cc_single_mod=yes
lt_cv_ar_at_file=no
lt_cv_deplibs_check_method=pass_all
lt_cv_file_magic_cmd='$MAGIC_CMD'
lt_cv_file_magic_test_file=
lt_cv_ld_exported_symbols_list=yes
lt_cv_ld_force_load=yes
lt_cv_ld_reload_flag=-r
lt_cv_nm_interface='BSD nm'
lt_cv_objdir=.libs
lt_cv_path_LD=/usr/llvm-gcc-4.2/libexec/gcc/i686-apple-darwin10/4.2.1/ld
lt_cv_path_LDCXX=/usr/llvm-gcc-4.2/libexec/gcc/i686-apple-darwin10/4.2.1/ld
lt_cv_path_NM=/usr/bin/nm
lt_cv_path_mainfest_tool=no
lt_cv_prog_compiler_c_o=yes
lt_cv_prog_compiler_c_o_CXX=yes
lt_cv_prog_compiler_pic='-fno-common -DPIC'
lt_cv_prog_compiler_pic_CXX='-fno-common -DPIC'
lt_cv_prog_compiler_pic_works=yes
lt_cv_prog_compiler_pic_works_CXX=yes
lt_cv_prog_compiler_rtti_exceptions=no
lt_cv_prog_compiler_static_works=no
lt_cv_prog_compiler_static_works_CXX=no
lt_cv_prog_gnu_ld=no
lt_cv_prog_gnu_ldcxx=no
lt_cv_sharedlib_from_linklib_cmd='printf %s\n'
lt_cv_sys_global_symbol_pipe='sed -n -e '\''s/^.*[	 ]\([BCDEGRST][BCDEGRST]*\)[	 ][	 ]*_\([_A-Za-z][_A-Za-z0-9]*\)$/\1 _\2 \2/p'\'' | sed '\''/ __gnu_lto/d'\'''
lt_cv_sys_global_symbol_to_c_name_address='sed -n -e '\''s/^: \([^ ]*\)[ ]*$/  {\"\1\", (void *) 0},/p'\'' -e '\''s/^[BCDEGRST]* \([^ ]*\) \([^ ]*\)$/  {"\2", (void *) \&\2},/p'\'''
lt_cv_sys_global_symbol_to_c_name_address_lib_prefix='sed -n -e '\''s/^: \([^ ]*\)[ ]*$/  {\"\1\", (void *) 0},/p'\'' -e '\''s/^[BCDEGRST]* \([^ ]*\) \(lib[^ ]*\)$/  {"\2", (void *) \&\2},/p'\'' -e '\''s/^[BCDEGRST]* \([^ ]*\) \([^ ]*\)$/  {"lib\2", (void *) \&\2},/p'\'''
lt_cv_sys_global_symbol_to_cdecl='sed -n -e '\''s/^T .* \(.*\)$/extern int \1();/p'\'' -e '\''s/^[BCDEGRST]* .* \(.*\)$/extern char \1;/p'\'''
lt_cv_sys_max_cmd_len=196608
lt_cv_to_host_file_cmd=func_convert_file_noop
lt_cv_to_tool_file_cmd=func_convert_file_noop

## ----------------- ##
## Output variables. ##
## ----------------- ##

ACLOCAL='${SHELL} /Users/caoj7/workspace-c/ompi-plugin/config/missing --run aclocal-1.12'
AMDEPBACKSLASH='\'
AMDEP_FALSE='#'
AMDEP_TRUE=''
AMTAR='$${TAR-tar}'
AR='ar'
AUTOCONF='${SHELL} /Users/caoj7/workspace-c/ompi-plugin/config/missing --run autoconf'
AUTOHEADER='${SHELL} /Users/caoj7/workspace-c/ompi-plugin/config/missing --run autoheader'
AUTOMAKE='${SHELL} /Users/caoj7/workspace-c/ompi-plugin/config/missing --run automake-1.12'
AWK='awk'
CC='gcc'
CCDEPMODE='depmode=gcc3'
CFLAGS='-g -O2'
CPP='gcc -E'
CPPFLAGS=''
CXX='g++'
CXXCPP='g++ -E'
CXXDEPMODE='depmode=gcc3'
CXXFLAGS='-g -O2'
CYGPATH_W='echo'
DEFS='-DHAVE_CONFIG_H'
DEPDIR='.deps'
DLLTOOL='false'
DSYMUTIL='dsymutil'
DUMPBIN=''
ECHO_C='\c'
ECHO_N=''
ECHO_T=''
EGREP='/usr/bin/grep -E'
EXEEXT=''
FGREP='/usr/bin/grep -F'
GREP='/usr/bin/grep'
INSTALL_DATA='${INSTALL} -m 644'
INSTALL_PROGRAM='${INSTALL}'
INSTALL_SCRIPT='${INSTALL}'
INSTALL_STRIP_PROGRAM='$(install_sh) -c -s'
LD='/usr/llvm-gcc-4.2/libexec/gcc/i686-apple-darwin10/4.2.1/ld'
LDFLAGS=''
LIBOBJS=''
LIBS=''
LIBTOOL='$(SHELL) $(top_builddir)/libtool'
LIPO='lipo'
LN_S='ln -s'
LTLIBOBJS=''
MAKEINFO='${SHELL} /Users/caoj7/workspace-c/ompi-plugin/config/missing --run makeinfo'
MANIFEST_TOOL=':'
MKDIR_P='config/install-sh -c -d'
NM='/usr/bin/nm'
NMEDIT='nmedit'
OBJDUMP='false'
OBJEXT='o'
OTOOL64=':'
OTOOL='otool'
PACKAGE='ompi-plugin'
PACKAGE_BUGREPORT=''
PACKAGE_NAME='ompi-plugin'
PACKAGE_STRING='ompi-plugin 0.8'
PACKAGE_TARNAME='ompi-plugin'
PACKAGE_URL=''
PACKAGE_VERSION='0.8'
PATH_SEPARATOR=':'
POW_LIB=''
RANLIB='ranlib'
SED='/usr/bin/sed'
SET_MAKE=''
SHELL='/bin/sh'
STRIP='strip'
VERSION='0.8'
ac_ct_AR='ar'
ac_ct_CC='gcc'
ac_ct_CXX='g++'
ac_ct_DUMPBIN=''
am__EXEEXT_FALSE=''
am__EXEEXT_TRUE='#'
am__fastdepCC_FALSE='#'
am__fastdepCC_TRUE=''
am__fastdepCXX_FALSE='#'
am__fastdepCXX_TRUE=''
am__include='include'
am__isrc=''
am__leading_dot='.'
am__nodep='_no'
am__quote=''
am__tar='$${TAR-tar} chof - "$$tardir"'
am__untar='$${TAR-tar} xf -'
bindir='${exec_prefix}/bin'
build='x86_64-apple-darwin11.4.2'
build_alias=''
build_cpu='x86_64'
build_os='darwin11.4.2'
build_vendor='apple'
datadir='${datarootdir}'
datarootdir='${prefix}/share'
docdir='${datarootdir}/doc/${PACKAGE_TARNAME}'
dvidir='${docdir}'
exec_prefix='${prefix}'
host='x86_64-apple-darwin11.4.2'
host_alias=''
host_cpu='x86_64'
host_os='darwin11.4.2'
host_vendor='apple'
htmldir='${docdir}'
includedir='${prefix}/include'
infodir='${datarootdir}/info'
install_sh='${SHELL} /Users/caoj7/workspace-c/ompi-plugin/config/install-sh'
libdir='${exec_prefix}/lib'
libexecdir='${exec_prefix}/libexec'
localedir='${datarootdir}/locale'
localstatedir='${prefix}/var'
mandir='${datarootdir}/man'
mkdir_p='$(top_builddir)/config/install-sh -c -d'
oldincludedir='/usr/include'
pdfdir='${docdir}'
prefix='/Users/caoj7/program/orte'
program_transform_name='s,x,x,'
psdir='${docdir}'
sbindir='${exec_prefix}/sbin'
sharedstatedir='${prefix}/com'
sysconfdir='${prefix}/etc'
target_alias=''

## ----------- ##
## confdefs.h. ##
## ----------- ##

/* confdefs.h */
#define PACKAGE_NAME "ompi-plugin"
#define PACKAGE_TARNAME "ompi-plugin"
#define PACKAGE_VERSION "0.8"
#define PACKAGE_STRING "ompi-plugin 0.8"
#define PACKAGE_BUGREPORT ""
#define PACKAGE_URL ""
#define PACKAGE "ompi-plugin"
#define VERSION "0.8"
#define STDC_HEADERS 1
#define HAVE_SYS_TYPES_H 1
#define HAVE_SYS_STAT_H 1
#define HAVE_STDLIB_H 1
#define HAVE_STRING_H 1
#define HAVE_MEMORY_H 1
#define HAVE_STRINGS_H 1
#define HAVE_INTTYPES_H 1
#define HAVE_STDINT_H 1
#define HAVE_UNISTD_H 1
#define HAVE_DLFCN_H 1
#define LT_OBJDIR ".libs/"
#define HAVE_ARPA_INET_H 1
#define HAVE_FCNTL_H 1
#define HAVE_NETDB_H 1
#define HAVE_NETINET_IN_H 1
#define HAVE_STDDEF_H 1
#define HAVE_STDINT_H 1
#define HAVE_STDLIB_H 1
#define HAVE_STRING_H 1
#define HAVE_SYS_PARAM_H 1
#define HAVE_SYS_SOCKET_H 1
#define HAVE_SYS_TIME_H 1
#define HAVE_UNISTD_H 1
#define HAVE__BOOL 1
#define HAVE_STDLIB_H 1
#define HAVE_MALLOC 1
#define HAVE_STDLIB_H 1
#define HAVE_REALLOC 1
#define HAVE_BZERO 1
#define HAVE_GETHOSTBYNAME 1
#define HAVE_GETHOSTNAME 1
#define HAVE_GETTIMEOFDAY 1
#define HAVE_MEMMOVE 1
#define HAVE_MEMSET 1
#define HAVE_SOCKET 1
#define HAVE_STRCHR 1
#define HAVE_STRDUP 1
#define HAVE_STRSTR 1
#define HAVE_STRTOL 1
#define HAVE_STRTOUL 1

configure: exit 0

## ---------------------- ##
## Running config.status. ##
## ---------------------- ##

This file was extended by ompi-plugin config.status 0.8, which was
generated by GNU Autoconf 2.69.  Invocation command line was

  CONFIG_FILES    = 
  CONFIG_HEADERS  = 
  CONFIG_LINKS    = 
  CONFIG_COMMANDS = 
  $ ./config.status v1.7/orte/mca/plm/yarn/Makefile depfiles

on cncqcaoj7mbp1.corp.emc.com

config.status:1178: creating v1.7/orte/mca/plm/yarn/Makefile
config.status:1407: executing depfiles commands
