This file contains any messages produced by compilers while
running configure, to aid debugging if configure makes a mistake.

It was created by ompi-plugin-1.7.2 configure 0.8, which was
generated by GNU Autoconf 2.69.  Invocation command line was

  $ ./configure --prefix=/Users/caoj7/program/orte

## --------- ##
## Platform. ##
## --------- ##

hostname = cncqcaoj7mbp1.corp.emc.com
uname -m = x86_64
uname -r = 11.4.2
uname -s = Darwin
uname -v = Darwin Kernel Version 11.4.2: Wed May 30 20:13:51 PDT 2012; root:xnu-1699.31.2~1/RELEASE_X86_64

/usr/bin/uname -p = i386
/bin/uname -X     = unknown

/bin/arch              = unknown
/usr/bin/arch -k       = unknown
/usr/convex/getsysinfo = unknown
/usr/bin/hostinfo      = Mach kernel version:
	 Darwin Kernel Version 11.4.2: Wed May 30 20:13:51 PDT 2012; root:xnu-1699.31.2~1/RELEASE_X86_64
Kernel configured for up to 8 processors.
4 processors are physically available.
8 processors are logically available.
Processor type: i486 (Intel 80486)
Processors active: 0 1 2 3 4 5 6 7
Primary memory available: 8.00 gigabytes
Default processor set: 141 tasks, 1182 threads, 8 processors
Load average: 0.56, Mach factor: 7.43
/bin/machine           = unknown
/usr/bin/oslevel       = unknown
/bin/universe          = unknown

PATH: /Users/caoj7/workspace-c/jimmy-hamster/hamster-core/target/hamster-core-0.8.0-SNAPSHOT-bin/bin
PATH: /Users/caoj7/program/hadoop-2.0.4-alpha/bin
PATH: /Users/caoj7/program/hadoop-2.0.4-alpha/sbin
PATH: /Users/caoj7/program/common-j/apache-maven-3.0.5/bin
PATH: /Users/caoj7/program/common-j/apache-ant-1.9.1/bin
PATH: /Users/caoj7/program/orte/bin
PATH: /Users/caoj7/program/common-c/bin
PATH: /usr/bin
PATH: /bin
PATH: /usr/sbin
PATH: /sbin
PATH: /usr/local/bin
PATH: /usr/X11/bin


## ----------- ##
## Core tests. ##
## ----------- ##

configure:2296: checking for a BSD-compatible install
configure:2364: result: /usr/bin/install -c
configure:2375: checking whether build environment is sane
configure:2430: result: yes
configure:2581: checking for a thread-safe mkdir -p
configure:2620: result: config/install-sh -c -d
configure:2633: checking for gawk
configure:2663: result: no
configure:2633: checking for mawk
configure:2663: result: no
configure:2633: checking for nawk
configure:2663: result: no
configure:2633: checking for awk
configure:2649: found /usr/bin/awk
configure:2660: result: awk
configure:2671: checking whether make sets $(MAKE)
configure:2693: result: yes
configure:2822: checking for gcc
configure:2838: found /usr/bin/gcc
configure:2849: result: gcc
configure:3078: checking for C compiler version
configure:3087: gcc --version >&5
i686-apple-darwin10-llvm-gcc-4.2 (GCC) 4.2.1 (Based on Apple Inc. build 5658) (LLVM build 2335.6)
Copyright (C) 2007 Free Software Foundation, Inc.
This is free software; see the source for copying conditions.  There is NO
warranty; not even for MERCHANTABILITY or FITNESS FOR A PARTICULAR PURPOSE.

configure:3098: $? = 0
configure:3087: gcc -v >&5
Using built-in specs.
Target: i686-apple-darwin10
Configured with: /var/tmp/llvmgcc42/llvmgcc42-2335.6~17/src/configure --disable-checking --enable-werror --prefix=/Developer/usr/llvm-gcc-4.2 --mandir=/share/man --enable-languages=c,objc,c++,obj-c++ --program-prefix=llvm- --program-transform-name=/^[cg][^.-]*$/s/$/-4.2/ --with-slibdir=/usr/lib --build=i686-apple-darwin10 --enable-llvm=/var/tmp/llvmgcc42/llvmgcc42-2335.6~17/dst-llvmCore/Developer/usr/local --program-prefix=i686-apple-darwin10- --host=x86_64-apple-darwin10 --target=i686-apple-darwin10 --with-gxx-include-dir=/usr/include/c++/4.2.1
Thread model: posix
gcc version 4.2.1 (Based on Apple Inc. build 5658) (LLVM build 2335.6)
configure:3098: $? = 0
configure:3087: gcc -V >&5
llvm-gcc-4.2: argument to `-V' is missing
configure:3098: $? = 1
configure:3087: gcc -qversion >&5
i686-apple-darwin10-llvm-gcc-4.2: no input files
configure:3098: $? = 1
configure:3118: checking whether the C compiler works
configure:3140: gcc    conftest.c  >&5
configure:3144: $? = 0
configure:3192: result: yes
configure:3195: checking for C compiler default output file name
configure:3197: result: a.out
configure:3203: checking for suffix of executables
configure:3210: gcc -o conftest    conftest.c  >&5
configure:3214: $? = 0
configure:3236: result: 
configure:3258: checking whether we are cross compiling
configure:3266: gcc -o conftest    conftest.c  >&5
configure:3270: $? = 0
configure:3277: ./conftest
configure:3281: $? = 0
configure:3296: result: no
configure:3301: checking for suffix of object files
configure:3323: gcc -c   conftest.c >&5
configure:3327: $? = 0
configure:3348: result: o
configure:3352: checking whether we are using the GNU C compiler
configure:3371: gcc -c   conftest.c >&5
configure:3371: $? = 0
configure:3380: result: yes
configure:3389: checking whether gcc accepts -g
configure:3409: gcc -c -g  conftest.c >&5
configure:3409: $? = 0
configure:3450: result: yes
configure:3467: checking for gcc option to accept ISO C89
configure:3530: gcc  -c -g -O2  conftest.c >&5
configure:3530: $? = 0
configure:3543: result: none needed
configure:3574: checking for style of include used by make
configure:3602: result: GNU
configure:3628: checking dependency style of gcc
configure:3739: result: gcc3
configure:3806: checking for ar
configure:3822: found /usr/bin/ar
configure:3833: result: ar
configure:3859: checking the archiver (ar) interface
configure:3869: gcc -c -g -O2  conftest.c >&5
configure:3869: $? = 0
configure:3871: ar cru libconftest.a conftest.o >&5
configure:3874: $? = 0
configure:3897: result: ar
configure:3946: checking build system type
configure:3960: result: x86_64-apple-darwin11.4.2
configure:3980: checking host system type
configure:3993: result: x86_64-apple-darwin11.4.2
configure:4034: checking how to print strings
configure:4061: result: printf
configure:4082: checking for a sed that does not truncate output
configure:4146: result: /usr/bin/sed
configure:4164: checking for grep that handles long lines and -e
configure:4222: result: /usr/bin/grep
configure:4227: checking for egrep
configure:4289: result: /usr/bin/grep -E
configure:4294: checking for fgrep
configure:4356: result: /usr/bin/grep -F
configure:4391: checking for ld used by gcc
configure:4458: result: /usr/llvm-gcc-4.2/libexec/gcc/i686-apple-darwin10/4.2.1/ld
configure:4465: checking if the linker (/usr/llvm-gcc-4.2/libexec/gcc/i686-apple-darwin10/4.2.1/ld) is GNU ld
configure:4480: result: no
configure:4492: checking for BSD- or MS-compatible name lister (nm)
configure:4541: result: /usr/bin/nm
configure:4671: checking the name lister (/usr/bin/nm) interface
configure:4678: gcc -c -g -O2  conftest.c >&5
configure:4681: /usr/bin/nm "conftest.o"
configure:4684: output
000000000000019c S _some_variable
configure:4691: result: BSD nm
configure:4694: checking whether ln -s works
configure:4698: result: yes
configure:4706: checking the maximum length of command line arguments
configure:4836: result: 196608
configure:4853: checking whether the shell understands some XSI constructs
configure:4863: result: yes
configure:4867: checking whether the shell understands "+="
configure:4873: result: yes
configure:4908: checking how to convert x86_64-apple-darwin11.4.2 file names to x86_64-apple-darwin11.4.2 format
configure:4948: result: func_convert_file_noop
configure:4955: checking how to convert x86_64-apple-darwin11.4.2 file names to toolchain format
configure:4975: result: func_convert_file_noop
configure:4982: checking for /usr/llvm-gcc-4.2/libexec/gcc/i686-apple-darwin10/4.2.1/ld option to reload object files
configure:4989: result: -r
configure:5063: checking for objdump
configure:5093: result: no
configure:5122: checking how to recognize dependent libraries
configure:5324: result: pass_all
configure:5409: checking for dlltool
configure:5439: result: no
configure:5469: checking how to associate runtime and link libraries
configure:5496: result: printf %s\n
configure:5620: checking for archiver @FILE support
configure:5637: gcc -c -g -O2  conftest.c >&5
configure:5637: $? = 0
configure:5640: ar cru libconftest.a @conftest.lst >&5
ar: @conftest.lst: No such file or directory
configure:5643: $? = 1
configure:5663: result: no
configure:5721: checking for strip
configure:5737: found /usr/bin/strip
configure:5748: result: strip
configure:5820: checking for ranlib
configure:5836: found /usr/bin/ranlib
configure:5847: result: ranlib
configure:5949: checking command to parse /usr/bin/nm output from gcc object
configure:6069: gcc -c -g -O2  conftest.c >&5
configure:6072: $? = 0
configure:6076: /usr/bin/nm conftest.o \| sed -n -e 's/^.*[ ]\([BCDEGRST][BCDEGRST]*\)[ ][ ]*\([_A-Za-z][_A-Za-z0-9]*\)$/\1 \2 \2/p' | sed '/ __gnu_lto/d' \> conftest.nm
configure:6079: $? = 0
cannot find nm_test_var in conftest.nm
configure:6069: gcc -c -g -O2  conftest.c >&5
configure:6072: $? = 0
configure:6076: /usr/bin/nm conftest.o \| sed -n -e 's/^.*[ ]\([BCDEGRST][BCDEGRST]*\)[ ][ ]*_\([_A-Za-z][_A-Za-z0-9]*\)$/\1 _\2 \2/p' | sed '/ __gnu_lto/d' \> conftest.nm
configure:6079: $? = 0
configure:6145: gcc -o conftest -g -O2   conftest.c conftstm.o >&5
configure:6148: $? = 0
configure:6186: result: ok
configure:6223: checking for sysroot
configure:6253: result: no
configure:6509: checking for mt
configure:6539: result: no
configure:6559: checking if : is a manifest tool
configure:6565: : '-?'
configure:6573: result: no
configure:6629: checking for dsymutil
configure:6645: found /usr/bin/dsymutil
configure:6656: result: dsymutil
configure:6721: checking for nmedit
configure:6737: found /usr/bin/nmedit
configure:6748: result: nmedit
configure:6813: checking for lipo
configure:6829: found /usr/bin/lipo
configure:6840: result: lipo
configure:6905: checking for otool
configure:6921: found /usr/bin/otool
configure:6932: result: otool
configure:6997: checking for otool64
configure:7027: result: no
configure:7072: checking for -single_module linker flag
gcc -g -O2  -o libconftest.dylib -dynamiclib -Wl,-single_module conftest.c
configure:7105: result: yes
configure:7108: checking for -exported_symbols_list linker flag
configure:7128: gcc -o conftest -g -O2   -Wl,-exported_symbols_list,conftest.sym conftest.c  >&5
configure:7128: $? = 0
configure:7138: result: yes
configure:7141: checking for -force_load linker flag
gcc -g -O2 -c -o conftest.o conftest.c
ar cru libconftest.a conftest.o
ranlib libconftest.a
gcc -g -O2  -o conftest conftest.c -Wl,-force_load,./libconftest.a
configure:7173: result: yes
configure:7215: checking how to run the C preprocessor
configure:7246: gcc -E  conftest.c
configure:7246: $? = 0
configure:7260: gcc -E  conftest.c
conftest.c:11:28: error: ac_nonexistent.h: No such file or directory
configure:7260: $? = 1
configure: failed program was:
| /* confdefs.h */
| #define PACKAGE_NAME "ompi-plugin-1.7.2"
| #define PACKAGE_TARNAME "ompi-plugin-1-7-2"
| #define PACKAGE_VERSION "0.8"
| #define PACKAGE_STRING "ompi-plugin-1.7.2 0.8"
| #define PACKAGE_BUGREPORT ""
| #define PACKAGE_URL ""
| #define PACKAGE "ompi-plugin-1-7-2"
| #define VERSION "0.8"
| /* end confdefs.h.  */
| #include <ac_nonexistent.h>
configure:7285: result: gcc -E
configure:7305: gcc -E  conftest.c
configure:7305: $? = 0
configure:7319: gcc -E  conftest.c
conftest.c:11:28: error: ac_nonexistent.h: No such file or directory
configure:7319: $? = 1
configure: failed program was:
| /* confdefs.h */
| #define PACKAGE_NAME "ompi-plugin-1.7.2"
| #define PACKAGE_TARNAME "ompi-plugin-1-7-2"
| #define PACKAGE_VERSION "0.8"
| #define PACKAGE_STRING "ompi-plugin-1.7.2 0.8"
| #define PACKAGE_BUGREPORT ""
| #define PACKAGE_URL ""
| #define PACKAGE "ompi-plugin-1-7-2"
| #define VERSION "0.8"
| /* end confdefs.h.  */
| #include <ac_nonexistent.h>
configure:7348: checking for ANSI C header files
configure:7368: gcc -c -g -O2  conftest.c >&5
configure:7368: $? = 0
configure:7441: gcc -o conftest -g -O2   conftest.c  >&5
configure:7441: $? = 0
configure:7441: ./conftest
configure:7441: $? = 0
configure:7452: result: yes
configure:7465: checking for sys/types.h
configure:7465: gcc -c -g -O2  conftest.c >&5
configure:7465: $? = 0
configure:7465: result: yes
configure:7465: checking for sys/stat.h
configure:7465: gcc -c -g -O2  conftest.c >&5
configure:7465: $? = 0
configure:7465: result: yes
configure:7465: checking for stdlib.h
configure:7465: gcc -c -g -O2  conftest.c >&5
configure:7465: $? = 0
configure:7465: result: yes
configure:7465: checking for string.h
configure:7465: gcc -c -g -O2  conftest.c >&5
configure:7465: $? = 0
configure:7465: result: yes
configure:7465: checking for memory.h
configure:7465: gcc -c -g -O2  conftest.c >&5
configure:7465: $? = 0
configure:7465: result: yes
configure:7465: checking for strings.h
configure:7465: gcc -c -g -O2  conftest.c >&5
configure:7465: $? = 0
configure:7465: result: yes
configure:7465: checking for inttypes.h
configure:7465: gcc -c -g -O2  conftest.c >&5
configure:7465: $? = 0
configure:7465: result: yes
configure:7465: checking for stdint.h
configure:7465: gcc -c -g -O2  conftest.c >&5
configure:7465: $? = 0
configure:7465: result: yes
configure:7465: checking for unistd.h
configure:7465: gcc -c -g -O2  conftest.c >&5
configure:7465: $? = 0
configure:7465: result: yes
configure:7479: checking for dlfcn.h
configure:7479: gcc -c -g -O2  conftest.c >&5
configure:7479: $? = 0
configure:7479: result: yes
configure:7685: checking for objdir
configure:7700: result: .libs
configure:7971: checking if gcc supports -fno-rtti -fno-exceptions
configure:7989: gcc -c -g -O2  -fno-rtti -fno-exceptions conftest.c >&5
cc1: warning: command line option "-fno-rtti" is valid for C++/ObjC++ but not for C
configure:7993: $? = 0
configure:8006: result: no
configure:8333: checking for gcc option to produce PIC
configure:8340: result: -fno-common -DPIC
configure:8348: checking if gcc PIC flag -fno-common -DPIC works
configure:8366: gcc -c -g -O2  -fno-common -DPIC -DPIC conftest.c >&5
configure:8370: $? = 0
configure:8383: result: yes
configure:8412: checking if gcc static flag -static works
configure:8440: result: no
configure:8455: checking if gcc supports -c -o file.o
configure:8476: gcc -c -g -O2  -o out/conftest2.o conftest.c >&5
configure:8480: $? = 0
configure:8502: result: yes
configure:8510: checking if gcc supports -c -o file.o
configure:8557: result: yes
configure:8590: checking whether the gcc linker (/usr/llvm-gcc-4.2/libexec/gcc/i686-apple-darwin10/4.2.1/ld) supports shared libraries
configure:9743: result: yes
configure:9983: checking dynamic linker characteristics
configure:10716: result: darwin11.4.2 dyld
configure:10823: checking how to hardcode library paths into programs
configure:10848: result: immediate
configure:11388: checking whether stripping libraries is possible
configure:11402: result: yes
configure:11428: checking if libtool supports shared libraries
configure:11430: result: yes
configure:11433: checking whether to build shared libraries
configure:11454: result: yes
configure:11457: checking whether to build static libraries
configure:11461: result: yes
configure:11506: checking arpa/inet.h usability
configure:11506: gcc -c -g -O2  conftest.c >&5
configure:11506: $? = 0
configure:11506: result: yes
configure:11506: checking arpa/inet.h presence
configure:11506: gcc -E  conftest.c
configure:11506: $? = 0
configure:11506: result: yes
configure:11506: checking for arpa/inet.h
configure:11506: result: yes
configure:11506: checking fcntl.h usability
configure:11506: gcc -c -g -O2  conftest.c >&5
configure:11506: $? = 0
configure:11506: result: yes
configure:11506: checking fcntl.h presence
configure:11506: gcc -E  conftest.c
configure:11506: $? = 0
configure:11506: result: yes
configure:11506: checking for fcntl.h
configure:11506: result: yes
configure:11506: checking for inttypes.h
configure:11506: result: yes
configure:11506: checking netdb.h usability
configure:11506: gcc -c -g -O2  conftest.c >&5
configure:11506: $? = 0
configure:11506: result: yes
configure:11506: checking netdb.h presence
configure:11506: gcc -E  conftest.c
configure:11506: $? = 0
configure:11506: result: yes
configure:11506: checking for netdb.h
configure:11506: result: yes
configure:11506: checking netinet/in.h usability
configure:11506: gcc -c -g -O2  conftest.c >&5
configure:11506: $? = 0
configure:11506: result: yes
configure:11506: checking netinet/in.h presence
configure:11506: gcc -E  conftest.c
configure:11506: $? = 0
configure:11506: result: yes
configure:11506: checking for netinet/in.h
configure:11506: result: yes
configure:11506: checking for stdint.h
configure:11506: result: yes
configure:11506: checking for stdlib.h
configure:11506: result: yes
configure:11506: checking for string.h
configure:11506: result: yes
configure:11506: checking sys/ioctl.h usability
configure:11506: gcc -c -g -O2  conftest.c >&5
configure:11506: $? = 0
configure:11506: result: yes
configure:11506: checking sys/ioctl.h presence
configure:11506: gcc -E  conftest.c
configure:11506: $? = 0
configure:11506: result: yes
configure:11506: checking for sys/ioctl.h
configure:11506: result: yes
configure:11506: checking sys/socket.h usability
configure:11506: gcc -c -g -O2  conftest.c >&5
configure:11506: $? = 0
configure:11506: result: yes
configure:11506: checking sys/socket.h presence
configure:11506: gcc -E  conftest.c
configure:11506: $? = 0
configure:11506: result: yes
configure:11506: checking for sys/socket.h
configure:11506: result: yes
configure:11506: checking for unistd.h
configure:11506: result: yes
configure:11506: checking utime.h usability
configure:11506: gcc -c -g -O2  conftest.c >&5
configure:11506: $? = 0
configure:11506: result: yes
configure:11506: checking utime.h presence
configure:11506: gcc -E  conftest.c
configure:11506: $? = 0
configure:11506: result: yes
configure:11506: checking for utime.h
configure:11506: result: yes
configure:11506: checking utmp.h usability
configure:11506: gcc -c -g -O2  conftest.c >&5
configure:11506: $? = 0
configure:11506: result: yes
configure:11506: checking utmp.h presence
configure:11506: gcc -E  conftest.c
configure:11506: $? = 0
configure:11506: result: yes
configure:11506: checking for utmp.h
configure:11506: result: yes
configure:11518: checking for stdbool.h that conforms to C99
configure:11585: gcc -c -g -O2  conftest.c >&5
configure:11585: $? = 0
configure:11592: result: yes
configure:11594: checking for _Bool
configure:11594: gcc -c -g -O2  conftest.c >&5
configure:11594: $? = 0
configure:11594: gcc -c -g -O2  conftest.c >&5
conftest.c: In function 'main':
conftest.c:72: error: expected expression before ')' token
configure:11594: $? = 1
configure: failed program was:
| /* confdefs.h */
| #define PACKAGE_NAME "ompi-plugin-1.7.2"
| #define PACKAGE_TARNAME "ompi-plugin-1-7-2"
| #define PACKAGE_VERSION "0.8"
| #define PACKAGE_STRING "ompi-plugin-1.7.2 0.8"
| #define PACKAGE_BUGREPORT ""
| #define PACKAGE_URL ""
| #define PACKAGE "ompi-plugin-1-7-2"
| #define VERSION "0.8"
| #define STDC_HEADERS 1
| #define HAVE_SYS_TYPES_H 1
| #define HAVE_SYS_STAT_H 1
| #define HAVE_STDLIB_H 1
| #define HAVE_STRING_H 1
| #define HAVE_MEMORY_H 1
| #define HAVE_STRINGS_H 1
| #define HAVE_INTTYPES_H 1
| #define HAVE_STDINT_H 1
| #define HAVE_UNISTD_H 1
| #define HAVE_DLFCN_H 1
| #define LT_OBJDIR ".libs/"
| #define HAVE_ARPA_INET_H 1
| #define HAVE_FCNTL_H 1
| #define HAVE_INTTYPES_H 1
| #define HAVE_NETDB_H 1
| #define HAVE_NETINET_IN_H 1
| #define HAVE_STDINT_H 1
| #define HAVE_STDLIB_H 1
| #define HAVE_STRING_H 1
| #define HAVE_SYS_IOCTL_H 1
| #define HAVE_SYS_SOCKET_H 1
| #define HAVE_UNISTD_H 1
| #define HAVE_UTIME_H 1
| #define HAVE_UTMP_H 1
| /* end confdefs.h.  */
| #include <stdio.h>
| #ifdef HAVE_SYS_TYPES_H
| # include <sys/types.h>
| #endif
| #ifdef HAVE_SYS_STAT_H
| # include <sys/stat.h>
| #endif
| #ifdef STDC_HEADERS
| # include <stdlib.h>
| # include <stddef.h>
| #else
| # ifdef HAVE_STDLIB_H
| #  include <stdlib.h>
| # endif
| #endif
| #ifdef HAVE_STRING_H
| # if !defined STDC_HEADERS && defined HAVE_MEMORY_H
| #  include <memory.h>
| # endif
| # include <string.h>
| #endif
| #ifdef HAVE_STRINGS_H
| # include <strings.h>
| #endif
| #ifdef HAVE_INTTYPES_H
| # include <inttypes.h>
| #endif
| #ifdef HAVE_STDINT_H
| # include <stdint.h>
| #endif
| #ifdef HAVE_UNISTD_H
| # include <unistd.h>
| #endif
| int
| main ()
| {
| if (sizeof ((_Bool)))
| 	    return 0;
|   ;
|   return 0;
| }
configure:11594: result: yes
configure:11611: checking for uid_t in sys/types.h
configure:11630: result: yes
configure:11642: checking for pid_t
configure:11642: gcc -c -g -O2  conftest.c >&5
configure:11642: $? = 0
configure:11642: gcc -c -g -O2  conftest.c >&5
conftest.c: In function 'main':
conftest.c:74: error: expected expression before ')' token
configure:11642: $? = 1
configure: failed program was:
| /* confdefs.h */
| #define PACKAGE_NAME "ompi-plugin-1.7.2"
| #define PACKAGE_TARNAME "ompi-plugin-1-7-2"
| #define PACKAGE_VERSION "0.8"
| #define PACKAGE_STRING "ompi-plugin-1.7.2 0.8"
| #define PACKAGE_BUGREPORT ""
| #define PACKAGE_URL ""
| #define PACKAGE "ompi-plugin-1-7-2"
| #define VERSION "0.8"
| #define STDC_HEADERS 1
| #define HAVE_SYS_TYPES_H 1
| #define HAVE_SYS_STAT_H 1
| #define HAVE_STDLIB_H 1
| #define HAVE_STRING_H 1
| #define HAVE_MEMORY_H 1
| #define HAVE_STRINGS_H 1
| #define HAVE_INTTYPES_H 1
| #define HAVE_STDINT_H 1
| #define HAVE_UNISTD_H 1
| #define HAVE_DLFCN_H 1
| #define LT_OBJDIR ".libs/"
| #define HAVE_ARPA_INET_H 1
| #define HAVE_FCNTL_H 1
| #define HAVE_INTTYPES_H 1
| #define HAVE_NETDB_H 1
| #define HAVE_NETINET_IN_H 1
| #define HAVE_STDINT_H 1
| #define HAVE_STDLIB_H 1
| #define HAVE_STRING_H 1
| #define HAVE_SYS_IOCTL_H 1
| #define HAVE_SYS_SOCKET_H 1
| #define HAVE_UNISTD_H 1
| #define HAVE_UTIME_H 1
| #define HAVE_UTMP_H 1
| #define HAVE__BOOL 1
| #define HAVE_STDBOOL_H 1
| /* end confdefs.h.  */
| #include <stdio.h>
| #ifdef HAVE_SYS_TYPES_H
| # include <sys/types.h>
| #endif
| #ifdef HAVE_SYS_STAT_H
| # include <sys/stat.h>
| #endif
| #ifdef STDC_HEADERS
| # include <stdlib.h>
| # include <stddef.h>
| #else
| # ifdef HAVE_STDLIB_H
| #  include <stdlib.h>
| # endif
| #endif
| #ifdef HAVE_STRING_H
| # if !defined STDC_HEADERS && defined HAVE_MEMORY_H
| #  include <memory.h>
| # endif
| # include <string.h>
| #endif
| #ifdef HAVE_STRINGS_H
| # include <strings.h>
| #endif
| #ifdef HAVE_INTTYPES_H
| # include <inttypes.h>
| #endif
| #ifdef HAVE_STDINT_H
| # include <stdint.h>
| #endif
| #ifdef HAVE_UNISTD_H
| # include <unistd.h>
| #endif
| int
| main ()
| {
| if (sizeof ((pid_t)))
| 	    return 0;
|   ;
|   return 0;
| }
configure:11642: result: yes
configure:11661: checking for unistd.h
configure:11661: result: yes
configure:11671: checking for working chown
configure:11704: gcc -o conftest -g -O2   conftest.c  >&5
configure:11704: $? = 0
configure:11704: ./conftest
configure:11704: $? = 0
configure:11716: result: yes
configure:11726: checking for stdlib.h
configure:11726: result: yes
configure:11736: checking for GNU libc compatible malloc
configure:11760: gcc -o conftest -g -O2   conftest.c  >&5
configure:11760: $? = 0
configure:11760: ./conftest
configure:11760: $? = 0
configure:11770: result: yes
configure:11793: checking for stdlib.h
configure:11793: result: yes
configure:11803: checking for GNU libc compatible realloc
configure:11827: gcc -o conftest -g -O2   conftest.c  >&5
configure:11827: $? = 0
configure:11827: ./conftest
configure:11827: $? = 0
configure:11837: result: yes
configure:11861: checking for bzero
configure:11861: gcc -o conftest -g -O2   conftest.c  >&5
conftest.c:67: warning: conflicting types for built-in function 'bzero'
configure:11861: $? = 0
configure:11861: result: yes
configure:11861: checking for inet_ntoa
configure:11861: gcc -o conftest -g -O2   conftest.c  >&5
configure:11861: $? = 0
configure:11861: result: yes
configure:11861: checking for mkdir
configure:11861: gcc -o conftest -g -O2   conftest.c  >&5
configure:11861: $? = 0
configure:11861: result: yes
configure:11861: checking for rmdir
configure:11861: gcc -o conftest -g -O2   conftest.c  >&5
configure:11861: $? = 0
configure:11861: result: yes
configure:11861: checking for setenv
configure:11861: gcc -o conftest -g -O2   conftest.c  >&5
configure:11861: $? = 0
configure:11861: result: yes
configure:11861: checking for socket
configure:11861: gcc -o conftest -g -O2   conftest.c  >&5
configure:11861: $? = 0
configure:11861: result: yes
configure:11861: checking for strdup
configure:11861: gcc -o conftest -g -O2   conftest.c  >&5
conftest.c:73: warning: conflicting types for built-in function 'strdup'
configure:11861: $? = 0
configure:11861: result: yes
configure:11861: checking for strrchr
configure:11861: gcc -o conftest -g -O2   conftest.c  >&5
conftest.c:74: warning: conflicting types for built-in function 'strrchr'
configure:11861: $? = 0
configure:11861: result: yes
configure:11861: checking for strstr
configure:11861: gcc -o conftest -g -O2   conftest.c  >&5
conftest.c:75: warning: conflicting types for built-in function 'strstr'
configure:11861: $? = 0
configure:11861: result: yes
configure:11861: checking for strtoul
configure:11861: gcc -o conftest -g -O2   conftest.c  >&5
configure:11861: $? = 0
configure:11861: result: yes
configure:11861: checking for utime
configure:11861: gcc -o conftest -g -O2   conftest.c  >&5
configure:11861: $? = 0
configure:11861: result: yes
configure:11982: checking that generated files are newer than configure
configure:11988: result: done
configure:12011: creating ./config.status

## ---------------------- ##
## Running config.status. ##
## ---------------------- ##

This file was extended by ompi-plugin-1.7.2 config.status 0.8, which was
generated by GNU Autoconf 2.69.  Invocation command line was

  CONFIG_FILES    = 
  CONFIG_HEADERS  = 
  CONFIG_LINKS    = 
  CONFIG_COMMANDS = 
  $ ./config.status 

on cncqcaoj7mbp1.corp.emc.com

config.status:1116: creating Makefile
config.status:1116: creating orte/Makefile
config.status:1116: creating orte/mca/Makefile
config.status:1116: creating orte/mca/odls/Makefile
config.status:1116: creating orte/mca/plm/Makefile
config.status:1116: creating orte/mca/ras/Makefile
config.status:1116: creating orte/mca/state/Makefile
config.status:1116: creating orte/mca/odls/yarn/Makefile
config.status:1116: creating orte/mca/plm/yarn/Makefile
config.status:1116: creating orte/mca/ras/yarn/Makefile
config.status:1116: creating orte/mca/state/yarn/Makefile
config.status:1116: creating orte/mca/hdclient/Makefile
config.status:1116: creating config.h
config.status:1297: config.h is unchanged
config.status:1345: executing depfiles commands
config.status:1345: executing libtool commands

## ---------------- ##
## Cache variables. ##
## ---------------- ##

ac_cv_build=x86_64-apple-darwin11.4.2
ac_cv_c_compiler_gnu=yes
ac_cv_env_CC_set=
ac_cv_env_CC_value=
ac_cv_env_CFLAGS_set=
ac_cv_env_CFLAGS_value=
ac_cv_env_CPPFLAGS_set=
ac_cv_env_CPPFLAGS_value=
ac_cv_env_CPP_set=
ac_cv_env_CPP_value=
ac_cv_env_LDFLAGS_set=
ac_cv_env_LDFLAGS_value=
ac_cv_env_LIBS_set=
ac_cv_env_LIBS_value=
ac_cv_env_build_alias_set=
ac_cv_env_build_alias_value=
ac_cv_env_host_alias_set=
ac_cv_env_host_alias_value=
ac_cv_env_target_alias_set=
ac_cv_env_target_alias_value=
ac_cv_func_bzero=yes
ac_cv_func_chown_works=yes
ac_cv_func_inet_ntoa=yes
ac_cv_func_malloc_0_nonnull=yes
ac_cv_func_mkdir=yes
ac_cv_func_realloc_0_nonnull=yes
ac_cv_func_rmdir=yes
ac_cv_func_setenv=yes
ac_cv_func_socket=yes
ac_cv_func_strdup=yes
ac_cv_func_strrchr=yes
ac_cv_func_strstr=yes
ac_cv_func_strtoul=yes
ac_cv_func_utime=yes
ac_cv_header_arpa_inet_h=yes
ac_cv_header_dlfcn_h=yes
ac_cv_header_fcntl_h=yes
ac_cv_header_inttypes_h=yes
ac_cv_header_memory_h=yes
ac_cv_header_netdb_h=yes
ac_cv_header_netinet_in_h=yes
ac_cv_header_stdbool_h=yes
ac_cv_header_stdc=yes
ac_cv_header_stdint_h=yes
ac_cv_header_stdlib_h=yes
ac_cv_header_string_h=yes
ac_cv_header_strings_h=yes
ac_cv_header_sys_ioctl_h=yes
ac_cv_header_sys_socket_h=yes
ac_cv_header_sys_stat_h=yes
ac_cv_header_sys_types_h=yes
ac_cv_header_unistd_h=yes
ac_cv_header_utime_h=yes
ac_cv_header_utmp_h=yes
ac_cv_host=x86_64-apple-darwin11.4.2
ac_cv_objext=o
ac_cv_path_EGREP='/usr/bin/grep -E'
ac_cv_path_FGREP='/usr/bin/grep -F'
ac_cv_path_GREP=/usr/bin/grep
ac_cv_path_SED=/usr/bin/sed
ac_cv_path_install='/usr/bin/install -c'
ac_cv_prog_AWK=awk
ac_cv_prog_CPP='gcc -E'
ac_cv_prog_ac_ct_AR=ar
ac_cv_prog_ac_ct_CC=gcc
ac_cv_prog_ac_ct_DSYMUTIL=dsymutil
ac_cv_prog_ac_ct_LIPO=lipo
ac_cv_prog_ac_ct_NMEDIT=nmedit
ac_cv_prog_ac_ct_OTOOL=otool
ac_cv_prog_ac_ct_RANLIB=ranlib
ac_cv_prog_ac_ct_STRIP=strip
ac_cv_prog_cc_c89=
ac_cv_prog_cc_g=yes
ac_cv_prog_make_make_set=yes
ac_cv_type__Bool=yes
ac_cv_type_pid_t=yes
ac_cv_type_uid_t=yes
am_cv_CC_dependencies_compiler_type=gcc3
am_cv_ar_interface=ar
lt_cv_apple_cc_single_mod=yes
lt_cv_ar_at_file=no
lt_cv_deplibs_check_method=pass_all
lt_cv_file_magic_cmd='$MAGIC_CMD'
lt_cv_file_magic_test_file=
lt_cv_ld_exported_symbols_list=yes
lt_cv_ld_force_load=yes
lt_cv_ld_reload_flag=-r
lt_cv_nm_interface='BSD nm'
lt_cv_objdir=.libs
lt_cv_path_LD=/usr/llvm-gcc-4.2/libexec/gcc/i686-apple-darwin10/4.2.1/ld
lt_cv_path_NM=/usr/bin/nm
lt_cv_path_mainfest_tool=no
lt_cv_prog_compiler_c_o=yes
lt_cv_prog_compiler_pic='-fno-common -DPIC'
lt_cv_prog_compiler_pic_works=yes
lt_cv_prog_compiler_rtti_exceptions=no
lt_cv_prog_compiler_static_works=no
lt_cv_prog_gnu_ld=no
lt_cv_sharedlib_from_linklib_cmd='printf %s\n'
lt_cv_sys_global_symbol_pipe='sed -n -e '\''s/^.*[	 ]\([BCDEGRST][BCDEGRST]*\)[	 ][	 ]*_\([_A-Za-z][_A-Za-z0-9]*\)$/\1 _\2 \2/p'\'' | sed '\''/ __gnu_lto/d'\'''
lt_cv_sys_global_symbol_to_c_name_address='sed -n -e '\''s/^: \([^ ]*\)[ ]*$/  {\"\1\", (void *) 0},/p'\'' -e '\''s/^[BCDEGRST]* \([^ ]*\) \([^ ]*\)$/  {"\2", (void *) \&\2},/p'\'''
lt_cv_sys_global_symbol_to_c_name_address_lib_prefix='sed -n -e '\''s/^: \([^ ]*\)[ ]*$/  {\"\1\", (void *) 0},/p'\'' -e '\''s/^[BCDEGRST]* \([^ ]*\) \(lib[^ ]*\)$/  {"\2", (void *) \&\2},/p'\'' -e '\''s/^[BCDEGRST]* \([^ ]*\) \([^ ]*\)$/  {"lib\2", (void *) \&\2},/p'\'''
lt_cv_sys_global_symbol_to_cdecl='sed -n -e '\''s/^T .* \(.*\)$/extern int \1();/p'\'' -e '\''s/^[BCDEGRST]* .* \(.*\)$/extern char \1;/p'\'''
lt_cv_sys_max_cmd_len=196608
lt_cv_to_host_file_cmd=func_convert_file_noop
lt_cv_to_tool_file_cmd=func_convert_file_noop

## ----------------- ##
## Output variables. ##
## ----------------- ##

ACLOCAL='${SHELL} /Users/caoj7/workspace-c/ompi-plugin/v1.7/config/missing --run aclocal-1.12'
AMDEPBACKSLASH='\'
AMDEP_FALSE='#'
AMDEP_TRUE=''
AMTAR='$${TAR-tar}'
AR='ar'
AUTOCONF='${SHELL} /Users/caoj7/workspace-c/ompi-plugin/v1.7/config/missing --run autoconf'
AUTOHEADER='${SHELL} /Users/caoj7/workspace-c/ompi-plugin/v1.7/config/missing --run autoheader'
AUTOMAKE='${SHELL} /Users/caoj7/workspace-c/ompi-plugin/v1.7/config/missing --run automake-1.12'
AWK='awk'
CC='gcc'
CCDEPMODE='depmode=gcc3'
CFLAGS='-g -O2'
CPP='gcc -E'
CPPFLAGS=''
CYGPATH_W='echo'
DEFS='-DHAVE_CONFIG_H'
DEPDIR='.deps'
DLLTOOL='false'
DSYMUTIL='dsymutil'
DUMPBIN=''
ECHO_C='\c'
ECHO_N=''
ECHO_T=''
EGREP='/usr/bin/grep -E'
EXEEXT=''
FGREP='/usr/bin/grep -F'
GREP='/usr/bin/grep'
INSTALL_DATA='${INSTALL} -m 644'
INSTALL_PROGRAM='${INSTALL}'
INSTALL_SCRIPT='${INSTALL}'
INSTALL_STRIP_PROGRAM='$(install_sh) -c -s'
LD='/usr/llvm-gcc-4.2/libexec/gcc/i686-apple-darwin10/4.2.1/ld'
LDFLAGS=''
LIBOBJS=''
LIBS=''
LIBTOOL='$(SHELL) $(top_builddir)/libtool'
LIPO='lipo'
LN_S='ln -s'
LTLIBOBJS=''
MAKEINFO='${SHELL} /Users/caoj7/workspace-c/ompi-plugin/v1.7/config/missing --run makeinfo'
MANIFEST_TOOL=':'
MKDIR_P='config/install-sh -c -d'
NM='/usr/bin/nm'
NMEDIT='nmedit'
OBJDUMP='false'
OBJEXT='o'
OTOOL64=':'
OTOOL='otool'
PACKAGE='ompi-plugin-1-7-2'
PACKAGE_BUGREPORT=''
PACKAGE_NAME='ompi-plugin-1.7.2'
PACKAGE_STRING='ompi-plugin-1.7.2 0.8'
PACKAGE_TARNAME='ompi-plugin-1-7-2'
PACKAGE_URL=''
PACKAGE_VERSION='0.8'
PATH_SEPARATOR=':'
RANLIB='ranlib'
SED='/usr/bin/sed'
SET_MAKE=''
SHELL='/bin/sh'
STRIP='strip'
VERSION='0.8'
ac_ct_AR='ar'
ac_ct_CC='gcc'
ac_ct_DUMPBIN=''
am__EXEEXT_FALSE=''
am__EXEEXT_TRUE='#'
am__fastdepCC_FALSE='#'
am__fastdepCC_TRUE=''
am__include='include'
am__isrc=''
am__leading_dot='.'
am__nodep='_no'
am__quote=''
am__tar='$${TAR-tar} chof - "$$tardir"'
am__untar='$${TAR-tar} xf -'
bindir='${exec_prefix}/bin'
build='x86_64-apple-darwin11.4.2'
build_alias=''
build_cpu='x86_64'
build_os='darwin11.4.2'
build_vendor='apple'
datadir='${datarootdir}'
datarootdir='${prefix}/share'
docdir='${datarootdir}/doc/${PACKAGE_TARNAME}'
dvidir='${docdir}'
exec_prefix='${prefix}'
host='x86_64-apple-darwin11.4.2'
host_alias=''
host_cpu='x86_64'
host_os='darwin11.4.2'
host_vendor='apple'
htmldir='${docdir}'
includedir='${prefix}/include'
infodir='${datarootdir}/info'
install_sh='${SHELL} /Users/caoj7/workspace-c/ompi-plugin/v1.7/config/install-sh'
libdir='${exec_prefix}/lib'
libexecdir='${exec_prefix}/libexec'
localedir='${datarootdir}/locale'
localstatedir='${prefix}/var'
mandir='${datarootdir}/man'
mkdir_p='$(top_builddir)/config/install-sh -c -d'
oldincludedir='/usr/include'
pdfdir='${docdir}'
prefix='/Users/caoj7/program/orte'
program_transform_name='s,x,x,'
psdir='${docdir}'
sbindir='${exec_prefix}/sbin'
sharedstatedir='${prefix}/com'
sysconfdir='${prefix}/etc'
target_alias=''

## ----------- ##
## confdefs.h. ##
## ----------- ##

/* confdefs.h */
#define PACKAGE_NAME "ompi-plugin-1.7.2"
#define PACKAGE_TARNAME "ompi-plugin-1-7-2"
#define PACKAGE_VERSION "0.8"
#define PACKAGE_STRING "ompi-plugin-1.7.2 0.8"
#define PACKAGE_BUGREPORT ""
#define PACKAGE_URL ""
#define PACKAGE "ompi-plugin-1-7-2"
#define VERSION "0.8"
#define STDC_HEADERS 1
#define HAVE_SYS_TYPES_H 1
#define HAVE_SYS_STAT_H 1
#define HAVE_STDLIB_H 1
#define HAVE_STRING_H 1
#define HAVE_MEMORY_H 1
#define HAVE_STRINGS_H 1
#define HAVE_INTTYPES_H 1
#define HAVE_STDINT_H 1
#define HAVE_UNISTD_H 1
#define HAVE_DLFCN_H 1
#define LT_OBJDIR ".libs/"
#define HAVE_ARPA_INET_H 1
#define HAVE_FCNTL_H 1
#define HAVE_INTTYPES_H 1
#define HAVE_NETDB_H 1
#define HAVE_NETINET_IN_H 1
#define HAVE_STDINT_H 1
#define HAVE_STDLIB_H 1
#define HAVE_STRING_H 1
#define HAVE_SYS_IOCTL_H 1
#define HAVE_SYS_SOCKET_H 1
#define HAVE_UNISTD_H 1
#define HAVE_UTIME_H 1
#define HAVE_UTMP_H 1
#define HAVE__BOOL 1
#define HAVE_STDBOOL_H 1
#define HAVE_UNISTD_H 1
#define HAVE_CHOWN 1
#define HAVE_STDLIB_H 1
#define HAVE_MALLOC 1
#define HAVE_STDLIB_H 1
#define HAVE_REALLOC 1
#define HAVE_BZERO 1
#define HAVE_INET_NTOA 1
#define HAVE_MKDIR 1
#define HAVE_RMDIR 1
#define HAVE_SETENV 1
#define HAVE_SOCKET 1
#define HAVE_STRDUP 1
#define HAVE_STRRCHR 1
#define HAVE_STRSTR 1
#define HAVE_STRTOUL 1
#define HAVE_UTIME 1

configure: exit 0
